#
# A fatal error has been detected by the Java Runtime Environment:
#
#  SIGSEGV (0xb) at pc=0x00007ff81002cc3f, pid=40013, tid=127503
#
# JRE version: OpenJDK Runtime Environment Temurin-17.0.9+9 (17.0.9+9) (build 17.0.9+9)
# Java VM: OpenJDK 64-Bit Server VM Temurin-17.0.9+9 (17.0.9+9, mixed mode, tiered, compressed oops, compressed class ptrs, g1 gc, bsd-amd64)
# Problematic frame:
# C  [libobjc.A.dylib+0x8c3f]  objc_release+0x1f
#
# No core dump will be written. Core dumps have been disabled. To enable core dumping, try "ulimit -c unlimited" before starting Java again
#
# If you would like to submit a bug report, please visit:
#   https://github.com/adoptium/adoptium-support/issues
# The crash happened outside the Java Virtual Machine in native code.
# See problematic frame for where to report the bug.
#

---------------  S U M M A R Y ------------

Command Line: -Dfile.encoding=UTF-8 --module-path=/Users/jmoon/Documents/Coding/2024-fall-cggp/FPS/build/classes mygame.Main

Host: "Mac14,9" x86_64 (EMULATED) 2400 MHz, 12 cores, 16G, Darwin 23.4.0, macOS 14.4.1 (23E224)
Time: Tue Dec  3 17:16:00 2024 EST elapsed time: 2.128795 seconds (0d 0h 0m 2s)

---------------  T H R E A D  ---------------

Current thread (0x00007fa3c7a8ce00):  JavaThread "jME3 Main" [_thread_in_native, id=127503, stack(0x0000000307429000,0x0000000307529000)]

Stack: [0x0000000307429000,0x0000000307529000],  sp=0x00000003075284c8,  free space=1021k
Native frames: (J=compiled Java code, j=interpreted, Vv=VM code, C=native code)
C  [libobjc.A.dylib+0x8c3f]  objc_release+0x1f
C  [libobjc.A.dylib+0x98b0]  objc_autoreleasePoolPop+0xeb
C  [CoreFoundation+0x3ce01]  _CFAutoreleasePoolPop+0x16
C  [Foundation+0x1cbd1]  -[NSAutoreleasePool release]+0x85
C  [liblwjgl.dylib+0x16cce]  Java_org_lwjgl_opengl_MacOSXContextImplementation_setView+0x10e
j  org.lwjgl.opengl.MacOSXContextImplementation.setView(Ljava/nio/ByteBuffer;Ljava/nio/ByteBuffer;)V+0
j  org.lwjgl.opengl.MacOSXContextImplementation.makeCurrent(Lorg/lwjgl/opengl/PeerInfo;Ljava/nio/ByteBuffer;)V+7
j  org.lwjgl.opengl.ContextGL.makeCurrent()V+46
j  org.lwjgl.opengl.DrawableGL.makeCurrent()V+14
j  org.lwjgl.opengl.Display.makeCurrent()V+3
j  org.lwjgl.opengl.Display.makeCurrentAndSetSwapInterval()V+0
j  org.lwjgl.opengl.Display.create(Lorg/lwjgl/opengl/PixelFormat;Lorg/lwjgl/opengl/Drawable;Lorg/lwjgl/opengl/ContextAttribs;)V+108
j  org.lwjgl.opengl.Display.create(Lorg/lwjgl/opengl/PixelFormat;Lorg/lwjgl/opengl/ContextAttribs;)V+9
j  com.jme3.system.lwjgl.LwjglDisplay.createContext(Lcom/jme3/system/AppSettings;)V+427
j  com.jme3.system.lwjgl.LwjglAbstractDisplay.initInThread()Z+25
j  com.jme3.system.lwjgl.LwjglAbstractDisplay.run()V+36
j  java.lang.Thread.run()V+11 java.base@17.0.9
v  ~StubRoutines::call_stub
V  [libjvm.dylib+0x519d91]  JavaCalls::call_helper(JavaValue*, methodHandle const&, JavaCallArguments*, JavaThread*)+0x2a1
V  [libjvm.dylib+0x518e07]  JavaCalls::call_virtual(JavaValue*, Klass*, Symbol*, Symbol*, JavaCallArguments*, JavaThread*)+0x147
V  [libjvm.dylib+0x518ed3]  JavaCalls::call_virtual(JavaValue*, Handle, Klass*, Symbol*, Symbol*, JavaThread*)+0x63
V  [libjvm.dylib+0x5c5514]  thread_entry(JavaThread*, JavaThread*)+0xb4
V  [libjvm.dylib+0xa8c980]  JavaThread::thread_main_inner()+0x150
V  [libjvm.dylib+0xa8ad1f]  Thread::call_run()+0xcf
V  [libjvm.dylib+0x8a6688]  thread_native_entry(Thread*)+0x148
C  [libsystem_pthread.dylib+0x618b]  _pthread_start+0x63
C  [libsystem_pthread.dylib+0x1ae3]  thread_start+0xf

Java frames: (J=compiled Java code, j=interpreted, Vv=VM code)
j  org.lwjgl.opengl.MacOSXContextImplementation.setView(Ljava/nio/ByteBuffer;Ljava/nio/ByteBuffer;)V+0
j  org.lwjgl.opengl.MacOSXContextImplementation.makeCurrent(Lorg/lwjgl/opengl/PeerInfo;Ljava/nio/ByteBuffer;)V+7
j  org.lwjgl.opengl.ContextGL.makeCurrent()V+46
j  org.lwjgl.opengl.DrawableGL.makeCurrent()V+14
j  org.lwjgl.opengl.Display.makeCurrent()V+3
j  org.lwjgl.opengl.Display.makeCurrentAndSetSwapInterval()V+0
j  org.lwjgl.opengl.Display.create(Lorg/lwjgl/opengl/PixelFormat;Lorg/lwjgl/opengl/Drawable;Lorg/lwjgl/opengl/ContextAttribs;)V+108
j  org.lwjgl.opengl.Display.create(Lorg/lwjgl/opengl/PixelFormat;Lorg/lwjgl/opengl/ContextAttribs;)V+9
j  com.jme3.system.lwjgl.LwjglDisplay.createContext(Lcom/jme3/system/AppSettings;)V+427
j  com.jme3.system.lwjgl.LwjglAbstractDisplay.initInThread()Z+25
j  com.jme3.system.lwjgl.LwjglAbstractDisplay.run()V+36
j  java.lang.Thread.run()V+11 java.base@17.0.9
v  ~StubRoutines::call_stub

siginfo: si_signo: 11 (SIGSEGV), si_code: 1 (SEGV_MAPERR), si_addr: 0x00006789017d4cb0

Registers:
RAX=0x0000e789017d4c90, RBX=0x00007fa3c8191000, RCX=0x00007ffffffffff8, RDX=0x00006789017d4c90
RSP=0x00000003075284c8, RBP=0x0000000307528500, RSI=0x0100000000000000, RDI=0x0000600002de4c90
R8 =0x063d8001b8464c67, R9 =0x00000000ffffff00, R10=0x00007ff8537c4cd0, R11=0x00007ff8104a6e61
R12=0xa3a3a3a3a3a3a3a3, R13=0x0000000000000001, R14=0x00007fa3c81910a0, R15=0x0000600002de4c90
RIP=0x00007ff81002cc3f, EFLAGS=0x0000000000000246, ERR=0x0000000000000004
  TRAPNO=0x000000000000000e


Register to memory mapping:

RAX=0x0000e789017d4c90 is an unknown value
RBX=0x00007fa3c8191000 points into unknown readable memory: 0x4f545541a1a1a1a1 | a1 a1 a1 a1 41 55 54 4f
RCX=0x00007ffffffffff8 is an unknown value
RDX=0x00006789017d4c90 is an unknown value
RSP=0x00000003075284c8 is pointing into the stack for thread: 0x00007fa3c7a8ce00
RBP=0x0000000307528500 is pointing into the stack for thread: 0x00007fa3c7a8ce00
RSI=0x0100000000000000 is an unknown value
RDI=0x0000600002de4c90 points into unknown readable memory: 0x0000e789017d4c90 | 90 4c 7d 01 89 e7 00 00
R8 =0x063d8001b8464c67 is an unknown value
R9 =0x00000000ffffff00 is an unknown value
R10=0x00007ff8537c4cd0: OBJC_CLASS_$___NSCFType+0 in /System/Library/Frameworks/CoreFoundation.framework/Versions/A/CoreFoundation at 0x00007ff810459000
R11=0x00007ff8104a6e61: -[__NSCFType release]+0 in /System/Library/Frameworks/CoreFoundation.framework/Versions/A/CoreFoundation at 0x00007ff810459000
R12=0xa3a3a3a3a3a3a3a3 is an unknown value
R13=0x0000000000000001 is an unknown value
R14=0x00007fa3c81910a0 points into unknown readable memory: 0x0000000000000000 | 00 00 00 00 00 00 00 00
R15=0x0000600002de4c90 points into unknown readable memory: 0x0000e789017d4c90 | 90 4c 7d 01 89 e7 00 00


Top of Stack: (sp=0x00000003075284c8)
0x00000003075284c8:   00007ff8100304d7 7ba3a052f5a6008b
0x00000003075284d8:   00007fa3c81910a0 0000600002da5f80
0x00000003075284e8:   000000012f16f640 00007fa3c8191000
0x00000003075284f8:   00007fa3c7a8d0b0 0000000307528520
0x0000000307528508:   00007ff81002d8b0 00007fa3c81910a0
0x0000000307528518:   00007ff82ffb01e7 0000000307528540
0x0000000307528528:   00007ff810495e01 7ba3a052f5a6008b
0x0000000307528538:   0000600002da5f80 0000000307528580
0x0000000307528548:   00007ff8113a6bd1 00007ff852c70fe0
0x0000000307528558:   0000000000000000 7ba3a052f5a6008b
0x0000000307528568:   00006000007c9440 0000600002de4e10
0x0000000307528578:   00007fa3c7a8d0b0 00000003075285b0
0x0000000307528588:   00000001b843ccce 000000012f16f648
0x0000000307528598:   0000000000000000 0000000307528648
0x00000003075285a8:   00007fa3c7a8ce00 0000000307528620
0x00000003075285b8:   000000011bbe6365 0000000307528620
0x00000003075285c8:   000000011bbe60fb 000000011bbe60b6
0x00000003075285d8:   00000003075285d8 000000012f16f640
0x00000003075285e8:   0000000307528648 000000012f16fbd8
0x00000003075285f8:   0000000000000000 0000000701613be8
0x0000000307528608:   000000012f16f648 0000000000000000
0x0000000307528618:   0000000307528640 0000000307528698
0x0000000307528628:   000000011bbe242b 0000000701613be8
0x0000000307528638:   000000011bbe3f18 000000070161d710
0x0000000307528648:   00000007019a4160 0000000307528650
0x0000000307528658:   000000012f16f527 00000003075286c8
0x0000000307528668:   000000012f16fbd8 0000000000000000
0x0000000307528678:   0000000701613be8 000000012f16f598
0x0000000307528688:   0000000307528640 00000003075286b8
0x0000000307528698:   0000000307528728 000000011bbe288f
0x00000003075286a8:   0000000000000000 00000007019a4160
0x00000003075286b8:   000000070161d710 00000007019a40a0 

Instructions: (pc=0x00007ff81002cc3f)
0x00007ff81002cb3f:   00 4c 89 f7 e8 76 5b 02 00 48 c7 05 75 07 a5 41
0x00007ff81002cb4f:   00 00 00 00 48 85 db 74 21 48 8b 3b 4c 8b 73 08
0x00007ff81002cb5f:   48 85 ff 74 05 e8 48 fd ff ff 48 89 df e8 4d 5b
0x00007ff81002cb6f:   02 00 4c 89 f3 4d 85 f6 75 df 5b 41 5c 41 5e 41
0x00007ff81002cb7f:   5f 5d c3 4c 89 f7 e8 d6 4a 02 00 48 89 c3 65 8b
0x00007ff81002cb8f:   04 25 18 00 00 00 f0 44 0f b1 25 62 3a a5 41 74
0x00007ff81002cb9f:   0c 48 8d 3d 59 3a a5 41 e8 ba 5b 02 00 48 89 df
0x00007ff81002cbaf:   e8 d2 59 02 00 90 e9 02 00 00 00 90 90 40 f6 c7
0x00007ff81002cbbf:   01 75 4e 48 8b 07 a8 01 74 34 48 b9 00 00 00 00
0x00007ff81002cbcf:   00 00 00 01 48 89 c2 48 c1 ea 37 74 34 48 89 c2
0x00007ff81002cbdf:   48 01 ca 72 12 f0 48 0f b1 17 74 25 a8 01 75 e4
0x00007ff81002cbef:   31 f6 e9 ca 39 02 00 31 f6 e9 cb 72 00 00 48 b9
0x00007ff81002cbff:   f8 ff ff ff ff 7f 00 00 48 21 c8 f6 40 1e 01 74
0x00007ff81002cc0f:   df 48 89 f8 c3 90 90 90 90 90 90 90 90 90 90 90
0x00007ff81002cc1f:   90 48 85 ff 74 6f 89 f8 83 e0 01 75 68 48 b9 f8
0x00007ff81002cc2f:   ff ff ff ff 7f 00 00 48 8b 07 48 89 c2 48 21 ca
0x00007ff81002cc3f:   48 8b 72 20 40 f6 c6 04 74 4c a8 01 74 67 48 ba
0x00007ff81002cc4f:   00 00 00 00 00 00 80 00 48 be 00 00 00 00 00 00
0x00007ff81002cc5f:   00 01 48 39 d0 72 2e 49 89 c0 49 29 f0 72 17 f0
0x00007ff81002cc6f:   4c 0f b1 07 74 1a a8 01 75 e8 31 f6 ba 01 00 00
0x00007ff81002cc7f:   00 e9 17 35 02 00 be 01 00 00 00 e9 69 98 00 00
0x00007ff81002cc8f:   49 39 d0 72 28 c3 66 83 7a 1e 00 79 0b 83 e6 02
0x00007ff81002cc9f:   74 06 f6 42 28 02 75 3b 48 8b 35 3a 0f f9 3f ff
0x00007ff81002ccaf:   25 5c f6 f8 3f f6 42 1e 01 74 bf eb d8 48 23 0f
0x00007ff81002ccbf:   0f b7 41 1e 0f ba e0 0c 48 8d 05 1a 0e f9 3f 48
0x00007ff81002cccf:   8d 0d b3 0d f9 3f 48 0f 43 c8 48 8b 31 ff 25 2e
0x00007ff81002ccdf:   f6 f8 3f 48 8b 05 e7 03 a5 41 ff e0 90 e9 04 00
0x00007ff81002ccef:   00 00 90 90 90 90 55 48 89 e5 53 50 48 89 fb f6
0x00007ff81002ccff:   c3 01 75 21 48 b8 07 00 00 00 00 00 a0 00 48 23
0x00007ff81002cd0f:   03 48 83 f8 01 75 15 48 89 df 48 83 c4 08 5b 5d
0x00007ff81002cd1f:   e9 9a 59 02 00 48 83 c4 08 5b 5d c3 48 89 df e8
0x00007ff81002cd2f:   0b 00 00 00 eb e1 90 90 90 90 90 90 90 90 90 55 


Stack slot to memory mapping:
stack at sp + 0 slots: 0x00007ff8100304d7: _ZN19AutoreleasePoolPage12releaseUntilEPP11objc_object+0xb9 in /usr/lib/libobjc.A.dylib at 0x00007ff810024000
stack at sp + 1 slots: 0x7ba3a052f5a6008b is an unknown value
stack at sp + 2 slots: 0x00007fa3c81910a0 points into unknown readable memory: 0x0000000000000000 | 00 00 00 00 00 00 00 00
stack at sp + 3 slots: 0x0000600002da5f80 points into unknown readable memory: 0x011dfff8537cad81 | 81 ad 7c 53 f8 ff 1d 01
stack at sp + 4 slots: 0x000000012f16f640 is pointing into metadata
stack at sp + 5 slots: 0x00007fa3c8191000 points into unknown readable memory: 0x4f545541a1a1a1a1 | a1 a1 a1 a1 41 55 54 4f
stack at sp + 6 slots: 0x00007fa3c7a8d0b0 points into unknown readable memory: 0x000000010aede718 | 18 e7 ed 0a 01 00 00 00
stack at sp + 7 slots: 0x0000000307528520 is pointing into the stack for thread: 0x00007fa3c7a8ce00


---------------  P R O C E S S  ---------------

Threads class SMR info:
_java_thread_list=0x0000600002353c40, length=20, elements={
0x00007fa3c9023600, 0x00007fa3b08a8a00, 0x00007fa3c801c000, 0x00007fa3b08aa600,
0x00007fa3c9839000, 0x00007fa3b08a9000, 0x00007fa3c9024600, 0x00007fa3c9839600,
0x00007fa3c9839c00, 0x00007fa3c901e000, 0x00007fa3b08aac00, 0x00007fa3c8047400,
0x00007fa3c7825e00, 0x00007fa3c98d9e00, 0x00007fa3a780ca00, 0x00007fa3c7899600,
0x00007fa3b098d200, 0x00007fa3a7898000, 0x00007fa3c7a8ce00, 0x00007fa3c9104200
}

Java Threads: ( => current thread )
  0x00007fa3c9023600 JavaThread "Reference Handler" daemon [_thread_blocked, id=22539, stack(0x0000000305503000,0x0000000305603000)]
  0x00007fa3b08a8a00 JavaThread "Finalizer" daemon [_thread_blocked, id=32003, stack(0x0000000305606000,0x0000000305706000)]
  0x00007fa3c801c000 JavaThread "Signal Dispatcher" daemon [_thread_blocked, id=29443, stack(0x0000000305817000,0x0000000305917000)]
  0x00007fa3b08aa600 JavaThread "Service Thread" daemon [_thread_blocked, id=25091, stack(0x000000030591a000,0x0000000305a1a000)]
  0x00007fa3c9839000 JavaThread "Monitor Deflation Thread" daemon [_thread_blocked, id=28931, stack(0x0000000305a1d000,0x0000000305b1d000)]
  0x00007fa3b08a9000 JavaThread "C2 CompilerThread0" daemon [_thread_blocked, id=28419, stack(0x0000000305b20000,0x0000000305c20000)]
  0x00007fa3c9024600 JavaThread "C1 CompilerThread0" daemon [_thread_blocked, id=25603, stack(0x0000000305c23000,0x0000000305d23000)]
  0x00007fa3c9839600 JavaThread "Sweeper thread" daemon [_thread_blocked, id=27907, stack(0x0000000305d26000,0x0000000305e26000)]
  0x00007fa3c9839c00 JavaThread "Common-Cleaner" daemon [_thread_blocked, id=26991, stack(0x0000000305e29000,0x0000000305f29000)]
  0x00007fa3c901e000 JavaThread "Notification Thread" daemon [_thread_blocked, id=32851, stack(0x0000000305f2c000,0x000000030602c000)]
  0x00007fa3b08aac00 JavaThread "AppKit Thread" daemon [_thread_in_native, id=259, stack(0x000000030456b000,0x0000000304d6b000)]
  0x00007fa3c8047400 JavaThread "AWT-Shutdown" [_thread_blocked, id=46343, stack(0x0000000306132000,0x0000000306232000)]
  0x00007fa3c7825e00 JavaThread "AWT-EventQueue-0" [_thread_blocked, id=82223, stack(0x000000030655e000,0x000000030665e000)]
  0x00007fa3c98d9e00 JavaThread "Java2D Queue Flusher" daemon [_thread_blocked, id=81195, stack(0x0000000306661000,0x0000000306761000)]
  0x00007fa3a780ca00 JavaThread "Java2D Disposer" daemon [_thread_blocked, id=74307, stack(0x0000000306764000,0x0000000306864000)]
  0x00007fa3c7899600 JavaThread "Timer-0" daemon [_thread_blocked, id=76871, stack(0x0000000306867000,0x0000000306967000)]
  0x00007fa3b098d200 JavaThread "Image Fetcher 0" daemon [_thread_blocked, id=76547, stack(0x000000030696a000,0x0000000306a6a000)]
  0x00007fa3a7898000 JavaThread "TimerQueue" daemon [_thread_blocked, id=90171, stack(0x0000000306a6d000,0x0000000306b6d000)]
=>0x00007fa3c7a8ce00 JavaThread "jME3 Main" [_thread_in_native, id=127503, stack(0x0000000307429000,0x0000000307529000)]
  0x00007fa3c9104200 JavaThread "DestroyJavaVM" [_thread_blocked, id=16131, stack(0x0000000304dee000,0x0000000304eee000)]

Other Threads:
  0x00007fa3c7706580 VMThread "VM Thread" [stack: 0x0000000305400000,0x0000000305500000] [id=22019]
  0x00007fa3a7706130 WatcherThread [stack: 0x000000030602f000,0x000000030612f000] [id=43267]
  0x00007fa3b7707470 GCTaskThread "GC Thread#0" [stack: 0x0000000304ef1000,0x0000000304ff1000] [id=16899]
  0x00007fa3c7736020 GCTaskThread "GC Thread#1" [stack: 0x0000000306e17000,0x0000000306f17000] [id=97331]
  0x00007fa3c89f5180 GCTaskThread "GC Thread#2" [stack: 0x0000000306f1a000,0x000000030701a000] [id=98051]
  0x00007fa3c89f6fd0 GCTaskThread "GC Thread#3" [stack: 0x000000030701d000,0x000000030711d000] [id=98307]
  0x00007fa3c89f7450 GCTaskThread "GC Thread#4" [stack: 0x0000000307120000,0x0000000307220000] [id=98563]
  0x00007fa3c89f78d0 GCTaskThread "GC Thread#5" [stack: 0x0000000307223000,0x0000000307323000] [id=119811]
  0x00007fa3b000b390 GCTaskThread "GC Thread#6" [stack: 0x0000000307326000,0x0000000307426000] [id=99843]
  0x00007fa3b7707b20 ConcurrentGCThread "G1 Main Marker" [stack: 0x0000000304ff4000,0x00000003050f4000] [id=17411]
  0x00007fa3b77083b0 ConcurrentGCThread "G1 Conc#0" [stack: 0x00000003050f7000,0x00000003051f7000] [id=21251]
  0x00007fa3b7708c20 ConcurrentGCThread "G1 Refine#0" [stack: 0x00000003051fa000,0x00000003052fa000] [id=20995]
  0x00007fa3b77094c0 ConcurrentGCThread "G1 Service" [stack: 0x00000003052fd000,0x00000003053fd000] [id=18947]

Threads with active compile tasks:

VM state: not at safepoint (normal execution)

VM Mutex/Monitor currently owned by a thread: None

Heap address: 0x0000000700000000, size: 4096 MB, Compressed Oops mode: Zero based, Oop shift amount: 3

CDS archive(s) not mapped
Compressed class space mapped at: 0x0000000800000000-0x0000000840000000, reserved size: 1073741824
Narrow klass base: 0x0000000800000000, Narrow klass shift: 0, Narrow klass range: 0x40000000

GC Precious Log:
 CPUs: 12 total, 12 available
 Memory: 16384M
 Large Page Support: Disabled
 NUMA Support: Disabled
 Compressed Oops: Enabled (Zero based)
 Heap Region Size: 2M
 Heap Min Capacity: 8M
 Heap Initial Capacity: 256M
 Heap Max Capacity: 4G
 Pre-touch: Disabled
 Parallel Workers: 10
 Concurrent Workers: 3
 Concurrent Refinement Workers: 10
 Periodic GC: Disabled

Heap:
 garbage-first heap   total 28672K, used 9941K [0x0000000700000000, 0x0000000800000000)
  region size 2048K, 3 young (6144K), 0 survivors (0K)
 Metaspace       used 20551K, committed 20800K, reserved 1114112K
  class space    used 2206K, committed 2304K, reserved 1048576K

Heap Regions: E=young(eden), S=young(survivor), O=old, HS=humongous(starts), HC=humongous(continues), CS=collection set, F=free, OA=open archive, CA=closed archive, TAMS=top-at-mark-start (previous, next)
|   0|0x0000000700000000, 0x0000000700200000, 0x0000000700200000|100%|HS|  |TAMS 0x0000000700200000, 0x0000000700000000| Untracked 
|   1|0x0000000700200000, 0x00000007003919c0, 0x0000000700400000| 78%| O|  |TAMS 0x0000000700200000, 0x0000000700200000| Untracked 
|   2|0x0000000700400000, 0x00000007005fe0e8, 0x0000000700600000| 99%| O|  |TAMS 0x0000000700400000, 0x0000000700400000| Untracked 
|   3|0x0000000700600000, 0x0000000700625b48, 0x0000000700800000|  7%| O|  |TAMS 0x0000000700600000, 0x0000000700600000| Untracked 
|   4|0x0000000700800000, 0x0000000700800000, 0x0000000700a00000|  0%| F|  |TAMS 0x0000000700800000, 0x0000000700800000| Untracked 
|   5|0x0000000700a00000, 0x0000000700a00000, 0x0000000700c00000|  0%| F|  |TAMS 0x0000000700a00000, 0x0000000700a00000| Untracked 
|   6|0x0000000700c00000, 0x0000000700c00000, 0x0000000700e00000|  0%| F|  |TAMS 0x0000000700c00000, 0x0000000700c00000| Untracked 
|   7|0x0000000700e00000, 0x0000000700e00000, 0x0000000701000000|  0%| F|  |TAMS 0x0000000700e00000, 0x0000000700e00000| Untracked 
|   8|0x0000000701000000, 0x0000000701000000, 0x0000000701200000|  0%| F|  |TAMS 0x0000000701000000, 0x0000000701000000| Untracked 
|   9|0x0000000701200000, 0x0000000701200000, 0x0000000701400000|  0%| F|  |TAMS 0x0000000701200000, 0x0000000701200000| Untracked 
|  10|0x0000000701400000, 0x0000000701400000, 0x0000000701600000|  0%| F|  |TAMS 0x0000000701400000, 0x0000000701400000| Untracked 
|  11|0x0000000701600000, 0x00000007016241a0, 0x0000000701800000|  7%| E|  |TAMS 0x0000000701600000, 0x0000000701600000| Complete 
|  12|0x0000000701800000, 0x0000000701a00000, 0x0000000701a00000|100%| E|CS|TAMS 0x0000000701800000, 0x0000000701800000| Complete 
|  13|0x0000000701a00000, 0x0000000701c00000, 0x0000000701c00000|100%| E|CS|TAMS 0x0000000701a00000, 0x0000000701a00000| Complete 

Card table byte_map: [0x00000001098b6000,0x000000010a0b6000] _byte_map_base: 0x00000001060b6000

Marking Bits (Prev, Next): (CMBitMap*) 0x00007fa3c9821810, (CMBitMap*) 0x00007fa3c9821850
 Prev Bits: [0x0000000123ea2000, 0x0000000127ea2000)
 Next Bits: [0x0000000127ea2000, 0x000000012bea2000)

Polling page: 0x0000000100648000

Metaspace:

Usage:
  Non-class:     17.91 MB used.
      Class:      2.16 MB used.
       Both:     20.07 MB used.

Virtual space:
  Non-class space:       64.00 MB reserved,      18.06 MB ( 28%) committed,  1 nodes.
      Class space:        1.00 GB reserved,       2.25 MB ( <1%) committed,  1 nodes.
             Both:        1.06 GB reserved,      20.31 MB (  2%) committed. 

Chunk freelists:
   Non-Class:  13.98 MB
       Class:  13.69 MB
        Both:  27.67 MB

MaxMetaspaceSize: unlimited
CompressedClassSpaceSize: 1.00 GB
Initial GC threshold: 21.00 MB
Current GC threshold: 30.00 MB
CDS: off
MetaspaceReclaimPolicy: balanced
 - commit_granule_bytes: 65536.
 - commit_granule_words: 8192.
 - virtual_space_node_default_size: 8388608.
 - enlarge_chunks_in_place: 1.
 - new_chunks_are_fully_committed: 0.
 - uncommit_free_chunks: 1.
 - use_allocation_guard: 0.
 - handle_deallocations: 1.


Internal statistics:

num_allocs_failed_limit: 0.
num_arena_births: 158.
num_arena_deaths: 2.
num_vsnodes_births: 2.
num_vsnodes_deaths: 0.
num_space_committed: 325.
num_space_uncommitted: 0.
num_chunks_returned_to_freelist: 2.
num_chunks_taken_from_freelist: 291.
num_chunk_merges: 0.
num_chunk_splits: 168.
num_chunks_enlarged: 105.
num_inconsistent_stats: 0.

CodeHeap 'non-profiled nmethods': size=120028Kb used=447Kb max_used=447Kb free=119580Kb
 bounds [0x000000011c16b000, 0x000000011c3db000, 0x00000001236a2000]
CodeHeap 'profiled nmethods': size=120028Kb used=2321Kb max_used=2321Kb free=117706Kb
 bounds [0x00000001146a2000, 0x0000000114912000, 0x000000011bbd9000]
CodeHeap 'non-nmethods': size=5704Kb used=1335Kb max_used=1352Kb free=4368Kb
 bounds [0x000000011bbd9000, 0x000000011be49000, 0x000000011c16b000]
 total_blobs=2076 nmethods=1385 adapters=606
 compilation: enabled
              stopped_count=0, restarted_count=0
 full_count=0

Compilation events (20 events):
Event: 2.101 Thread 0x00007fa3c9024600 1376       3       java.util.LinkedHashMap::newNode (23 bytes)
Event: 2.101 Thread 0x00007fa3c9024600 nmethod 1376 0x00000001148e2110 code [0x00000001148e22e0, 0x00000001148e2700]
Event: 2.101 Thread 0x00007fa3c9024600 1377       3       java.util.LinkedHashMap$Entry::<init> (10 bytes)
Event: 2.101 Thread 0x00007fa3c9024600 nmethod 1377 0x00000001148e2890 code [0x00000001148e2a40, 0x00000001148e2d30]
Event: 2.101 Thread 0x00007fa3c9024600 1378   !   3       jdk.internal.reflect.ReflectionFactory::checkInitted (100 bytes)
Event: 2.101 Thread 0x00007fa3c9024600 nmethod 1378 0x00000001148e2e10 code [0x00000001148e3120, 0x00000001148e4000]
Event: 2.101 Thread 0x00007fa3c9024600 1381       3       java.lang.reflect.Field::setFieldAccessor (34 bytes)
Event: 2.101 Thread 0x00007fa3c9024600 nmethod 1381 0x00000001148e4490 code [0x00000001148e4660, 0x00000001148e4aa0]
Event: 2.101 Thread 0x00007fa3c9024600 1379       1       java.lang.reflect.Field::getType (5 bytes)
Event: 2.101 Thread 0x00007fa3c9024600 nmethod 1379 0x000000011c1d9190 code [0x000000011c1d9320, 0x000000011c1d93f0]
Event: 2.101 Thread 0x00007fa3c9024600 1380       1       java.lang.reflect.Field::getRoot (5 bytes)
Event: 2.101 Thread 0x00007fa3c9024600 nmethod 1380 0x000000011c1d9490 code [0x000000011c1d9620, 0x000000011c1d96f0]
Event: 2.102 Thread 0x00007fa3c9024600 1382       3       java.lang.Short::valueOf (37 bytes)
Event: 2.102 Thread 0x00007fa3c9024600 nmethod 1382 0x00000001148e4b90 code [0x00000001148e4d60, 0x00000001148e5070]
Event: 2.102 Thread 0x00007fa3c9024600 1383       3       java.lang.Short::hashCode (8 bytes)
Event: 2.102 Thread 0x00007fa3c9024600 nmethod 1383 0x00000001148e5190 code [0x00000001148e5340, 0x00000001148e5490]
Event: 2.102 Thread 0x00007fa3c9024600 1384       3       java.nio.Buffer::remaining (20 bytes)
Event: 2.102 Thread 0x00007fa3c9024600 nmethod 1384 0x00000001148e5590 code [0x00000001148e5740, 0x00000001148e58d0]
Event: 2.108 Thread 0x00007fa3b08a9000 nmethod 1374 0x000000011c1d9790 code [0x000000011c1d99a0, 0x000000011c1da620]
Event: 2.125 Thread 0x00007fa3c9024600 1385   !   3       sun.awt.AWTAutoShutdown::setToolkitBusy (124 bytes)

GC Heap History (4 events):
Event: 1.882 GC heap before
{Heap before GC invocations=0 (full 0):
 garbage-first heap   total 262144K, used 14336K [0x0000000700000000, 0x0000000800000000)
  region size 2048K, 7 young (14336K), 0 survivors (0K)
 Metaspace       used 18213K, committed 18432K, reserved 1114112K
  class space    used 1984K, committed 2048K, reserved 1048576K
}
Event: 1.898 GC heap after
{Heap after GC invocations=1 (full 1):
 garbage-first heap   total 49152K, used 5845K [0x0000000700000000, 0x0000000800000000)
  region size 2048K, 0 young (0K), 0 survivors (0K)
 Metaspace       used 18211K, committed 18432K, reserved 1114112K
  class space    used 1984K, committed 2048K, reserved 1048576K
}
Event: 1.901 GC heap before
{Heap before GC invocations=1 (full 1):
 garbage-first heap   total 49152K, used 5845K [0x0000000700000000, 0x0000000800000000)
  region size 2048K, 1 young (2048K), 0 survivors (0K)
 Metaspace       used 18211K, committed 18432K, reserved 1114112K
  class space    used 1984K, committed 2048K, reserved 1048576K
}
Event: 1.908 GC heap after
{Heap after GC invocations=2 (full 2):
 garbage-first heap   total 28672K, used 5845K [0x0000000700000000, 0x0000000800000000)
  region size 2048K, 0 young (0K), 0 survivors (0K)
 Metaspace       used 18211K, committed 18432K, reserved 1114112K
  class space    used 1984K, committed 2048K, reserved 1048576K
}

Dll operation events (11 events):
Event: 0.005 Loaded shared library /Applications/jmonkeyplatform.app/Contents/Resources/jmonkeyplatform/jdk/lib/libjava.dylib
Event: 0.048 Loaded shared library /Applications/jmonkeyplatform.app/Contents/Resources/jmonkeyplatform/jdk/lib/libnio.dylib
Event: 0.157 Loaded shared library /Applications/jmonkeyplatform.app/Contents/Resources/jmonkeyplatform/jdk/lib/libzip.dylib
Event: 0.216 Loaded shared library /Applications/jmonkeyplatform.app/Contents/Resources/jmonkeyplatform/jdk/lib/libjimage.dylib
Event: 0.278 Loaded shared library /Applications/jmonkeyplatform.app/Contents/Resources/jmonkeyplatform/jdk/lib/libawt.dylib
Event: 0.281 Loaded shared library /Applications/jmonkeyplatform.app/Contents/Resources/jmonkeyplatform/jdk/lib/libawt_lwawt.dylib
Event: 0.328 Loaded shared library /Applications/jmonkeyplatform.app/Contents/Resources/jmonkeyplatform/jdk/lib/libfontmanager.dylib
Event: 0.590 Loaded shared library /Applications/jmonkeyplatform.app/Contents/Resources/jmonkeyplatform/jdk/lib/libosxui.dylib
Event: 0.679 Loaded shared library /Applications/jmonkeyplatform.app/Contents/Resources/jmonkeyplatform/jdk/lib/libprefs.dylib
Event: 2.052 Loaded shared library /Users/jmoon/Documents/Coding/2024-fall-cggp/FPS/libopenal.dylib
Event: 2.065 Loaded shared library /Users/jmoon/Documents/Coding/2024-fall-cggp/FPS/liblwjgl.dylib

Deoptimization events (20 events):
Event: 1.992 Thread 0x00007fa3c7a8ce00 Uncommon trap: trap_request=0xffffff45 fr.pc=0x000000011c1cdaf0 relative=0x0000000000000550
Event: 1.992 Thread 0x00007fa3c7a8ce00 Uncommon trap: reason=unstable_if action=reinterpret pc=0x000000011c1cdaf0 method=java.lang.AbstractStringBuilder.append(Ljava/lang/String;)Ljava/lang/AbstractStringBuilder; @ 1 c2
Event: 1.992 Thread 0x00007fa3c7a8ce00 DEOPT PACKING pc=0x000000011c1cdaf0 sp=0x0000000307527880
Event: 1.992 Thread 0x00007fa3c7a8ce00 DEOPT UNPACKING pc=0x000000011bc2f693 sp=0x0000000307527868 mode 2
Event: 2.071 Thread 0x00007fa3c7a8ce00 Uncommon trap: trap_request=0xffffffde fr.pc=0x000000011c1c42a4 relative=0x0000000000000a04
Event: 2.071 Thread 0x00007fa3c7a8ce00 Uncommon trap: reason=class_check action=maybe_recompile pc=0x000000011c1c42a4 method=java.util.HashMap.putVal(ILjava/lang/Object;Ljava/lang/Object;ZZ)Ljava/lang/Object; @ 91 c2
Event: 2.072 Thread 0x00007fa3c7a8ce00 DEOPT PACKING pc=0x000000011c1c42a4 sp=0x0000000307528730
Event: 2.072 Thread 0x00007fa3c7a8ce00 DEOPT UNPACKING pc=0x000000011bc2f693 sp=0x0000000307528660 mode 2
Event: 2.072 Thread 0x00007fa3c7a8ce00 Uncommon trap: trap_request=0xffffffde fr.pc=0x000000011c1c42a4 relative=0x0000000000000a04
Event: 2.072 Thread 0x00007fa3c7a8ce00 Uncommon trap: reason=class_check action=maybe_recompile pc=0x000000011c1c42a4 method=java.util.HashMap.putVal(ILjava/lang/Object;Ljava/lang/Object;ZZ)Ljava/lang/Object; @ 91 c2
Event: 2.072 Thread 0x00007fa3c7a8ce00 DEOPT PACKING pc=0x000000011c1c42a4 sp=0x0000000307528730
Event: 2.072 Thread 0x00007fa3c7a8ce00 DEOPT UNPACKING pc=0x000000011bc2f693 sp=0x0000000307528660 mode 2
Event: 2.072 Thread 0x00007fa3c7a8ce00 Uncommon trap: trap_request=0xffffffde fr.pc=0x000000011c1c42d0 relative=0x0000000000000a30
Event: 2.072 Thread 0x00007fa3c7a8ce00 Uncommon trap: reason=class_check action=maybe_recompile pc=0x000000011c1c42d0 method=java.util.HashMap.putVal(ILjava/lang/Object;Ljava/lang/Object;ZZ)Ljava/lang/Object; @ 203 c2
Event: 2.072 Thread 0x00007fa3c7a8ce00 DEOPT PACKING pc=0x000000011c1c42d0 sp=0x0000000307528730
Event: 2.072 Thread 0x00007fa3c7a8ce00 DEOPT UNPACKING pc=0x000000011bc2f693 sp=0x0000000307528660 mode 2
Event: 2.072 Thread 0x00007fa3c7a8ce00 Uncommon trap: trap_request=0xffffffde fr.pc=0x000000011c1c42d0 relative=0x0000000000000a30
Event: 2.072 Thread 0x00007fa3c7a8ce00 Uncommon trap: reason=class_check action=maybe_recompile pc=0x000000011c1c42d0 method=java.util.HashMap.putVal(ILjava/lang/Object;Ljava/lang/Object;ZZ)Ljava/lang/Object; @ 203 c2
Event: 2.072 Thread 0x00007fa3c7a8ce00 DEOPT PACKING pc=0x000000011c1c42d0 sp=0x0000000307528730
Event: 2.072 Thread 0x00007fa3c7a8ce00 DEOPT UNPACKING pc=0x000000011bc2f693 sp=0x0000000307528660 mode 2

Classes unloaded (1 events):
Event: 1.886 Thread 0x00007fa3c7706580 Unloading class 0x00000008001c1800 'java/lang/invoke/LambdaForm$DMH+0x00000008001c1800'

Classes redefined (0 events):
No events

Internal exceptions (20 events):
Event: 0.594 Thread 0x00007fa3c7825e00 Exception <a 'java/lang/NoSuchMethodError'{0x000000070f865d58}: 'void java.lang.invoke.DirectMethodHandle$Holder.invokeStaticInit(java.lang.Object)'> (0x000000070f865d58) 
thrown [src/hotspot/share/interpreter/linkResolver.cpp, line 759]
Event: 0.606 Thread 0x00007fa3c7825e00 Exception <a 'java/lang/NoSuchMethodError'{0x000000070f8f9790}: 'java.lang.Object java.lang.invoke.DirectMethodHandle$Holder.newInvokeSpecial(java.lang.Object, java.lang.Object, java.lang.Object, java.lang.Object, java.lang.Object)'> (0x000000070f8f9790) 
thrown [src/hotspot/share/interpreter/linkResolver.cpp, line 759]
Event: 0.611 Thread 0x00007fa3c7825e00 Exception <a 'java/lang/NoSuchMethodError'{0x000000070f905158}: 'java.lang.Object java.lang.invoke.DirectMethodHandle$Holder.invokeStatic(java.lang.Object, int, java.lang.Object, java.lang.Object, java.lang.Object, java.lang.Object)'> (0x000000070f905158) 
thrown [src/hotspot/share/interpreter/linkResolver.cpp, line 759]
Event: 0.617 Thread 0x00007fa3c7825e00 Exception <a 'java/lang/NoSuchMethodError'{0x000000070f92a848}: 'java.lang.Object java.lang.invoke.DirectMethodHandle$Holder.invokeStatic(java.lang.Object, int, java.lang.Object)'> (0x000000070f92a848) 
thrown [src/hotspot/share/interpreter/linkResolver.cpp, line 759]
Event: 0.621 Thread 0x00007fa3c7825e00 Exception <a 'java/lang/ClassNotFoundException'{0x000000070f95cd20}: com/apple/laf/resources/spi/aquaProvider> (0x000000070f95cd20) 
thrown [src/hotspot/share/classfile/systemDictionary.cpp, line 256]
Event: 0.647 Thread 0x00007fa3c7825e00 Exception <a 'java/lang/ClassNotFoundException'{0x000000070f9cc2f0}: com/sun/swing/internal/plaf/basic/resources/spi/basicProvider> (0x000000070f9cc2f0) 
thrown [src/hotspot/share/classfile/systemDictionary.cpp, line 256]
Event: 0.658 Thread 0x00007fa3c7825e00 Exception <a 'java/lang/NoSuchMethodError'{0x000000070f9e7950}: 'java.lang.Object java.lang.invoke.DirectMethodHandle$Holder.invokeInterface(java.lang.Object, java.lang.Object)'> (0x000000070f9e7950) 
thrown [src/hotspot/share/interpreter/linkResolver.cpp, line 759]
Event: 0.703 Thread 0x00007fa3b098d200 Exception <a 'java/lang/NoSuchMethodError'{0x000000070f6a37a8}: 'java.lang.Object java.lang.invoke.DirectMethodHandle$Holder.newInvokeSpecial(java.lang.Object, java.lang.Object, java.lang.Object, int, int, int, int, int)'> (0x000000070f6a37a8) 
thrown [src/hotspot/share/interpreter/linkResolver.cpp, line 759]
Event: 0.832 Thread 0x00007fa3c7825e00 Exception <a 'java/lang/NoSuchMethodError'{0x000000070f7f14d8}: 'java.lang.Object java.lang.invoke.DirectMethodHandle$Holder.newInvokeSpecial(java.lang.Object, java.lang.Object, java.lang.Object, int, java.lang.Object)'> (0x000000070f7f14d8) 
thrown [src/hotspot/share/interpreter/linkResolver.cpp, line 759]
Event: 0.855 Thread 0x00007fa3c7825e00 Exception <a 'java/lang/NoSuchMethodError'{0x000000070f40a8c0}: 'java.lang.Object java.lang.invoke.Invokers$Holder.linkToTargetMethod(int, int, int, int, java.lang.Object)'> (0x000000070f40a8c0) 
thrown [src/hotspot/share/interpreter/linkResolver.cpp, line 759]
Event: 0.856 Thread 0x00007fa3c7825e00 Exception <a 'java/lang/NoSuchMethodError'{0x000000070f40e650}: 'void java.lang.invoke.DirectMethodHandle$Holder.invokeStatic(java.lang.Object, java.lang.Object, long)'> (0x000000070f40e650) 
thrown [src/hotspot/share/interpreter/linkResolver.cpp, line 759]
Event: 0.858 Thread 0x00007fa3b08aac00 Exception <a 'java/lang/NoSuchMethodError'{0x000000070fbf4e88}: 'void java.lang.invoke.DirectMethodHandle$Holder.invokeStatic(java.lang.Object, java.lang.Object, long)'> (0x000000070fbf4e88) 
thrown [src/hotspot/share/interpreter/linkResolver.cpp, line 759]
Event: 0.874 Thread 0x00007fa3b08aac00 Exception <a 'java/lang/NoSuchMethodError'{0x000000070f4856e0}: 'void java.lang.invoke.DirectMethodHandle$Holder.invokeSpecial(java.lang.Object, java.lang.Object, long)'> (0x000000070f4856e0) 
thrown [src/hotspot/share/interpreter/linkResolver.cpp, line 759]
Event: 1.464 Thread 0x00007fa3b08aac00 Exception <a 'java/lang/NoSuchMethodError'{0x000000070f492c40}: 'void java.lang.invoke.DirectMethodHandle$Holder.invokeStatic(java.lang.Object, long)'> (0x000000070f492c40) 
thrown [src/hotspot/share/interpreter/linkResolver.cpp, line 759]
Event: 1.467 Thread 0x00007fa3c7825e00 Exception <a 'java/lang/NoSuchMethodError'{0x000000070f5a6030}: 'void java.lang.invoke.DirectMethodHandle$Holder.invokeStatic(java.lang.Object, long, long)'> (0x000000070f5a6030) 
thrown [src/hotspot/share/interpreter/linkResolver.cpp, line 759]
Event: 1.467 Thread 0x00007fa3c7825e00 Exception <a 'java/lang/NoSuchMethodError'{0x000000070f5ab900}: 'java.lang.Object java.lang.invoke.DirectMethodHandle$Holder.newInvokeSpecial(java.lang.Object, long)'> (0x000000070f5ab900) 
thrown [src/hotspot/share/interpreter/linkResolver.cpp, line 759]
Event: 1.472 Thread 0x00007fa3c7825e00 Exception <a 'java/lang/NoSuchMethodError'{0x000000070f5b5bb8}: 'java.lang.Object java.lang.invoke.DirectMethodHandle$Holder.newInvokeSpecial(java.lang.Object, java.lang.Object, int)'> (0x000000070f5b5bb8) 
thrown [src/hotspot/share/interpreter/linkResolver.cpp, line 759]
Event: 1.950 Thread 0x00007fa3c800a200 Exception <a 'java/lang/ClassNotFoundException'{0x0000000701b04840}: sun/util/logging/resources/spi/loggingProvider> (0x0000000701b04840) 
thrown [src/hotspot/share/classfile/systemDictionary.cpp, line 256]
Event: 1.992 Thread 0x00007fa3c7a8ce00 Implicit null exception at 0x000000011c1ce3d4 to 0x000000011c1ce8f8
Event: 1.992 Thread 0x00007fa3c7a8ce00 Implicit null exception at 0x000000011c1cd5d4 to 0x000000011c1cdad8

VM Operations (14 events):
Event: 0.116 Executing VM operation: HandshakeAllThreads
Event: 0.116 Executing VM operation: HandshakeAllThreads done
Event: 0.254 Executing VM operation: HandshakeAllThreads
Event: 0.254 Executing VM operation: HandshakeAllThreads done
Event: 0.506 Executing VM operation: HandshakeAllThreads
Event: 0.506 Executing VM operation: HandshakeAllThreads done
Event: 0.569 Executing VM operation: HandshakeAllThreads
Event: 0.569 Executing VM operation: HandshakeAllThreads done
Event: 1.515 Executing VM operation: ICBufferFull
Event: 1.517 Executing VM operation: ICBufferFull done
Event: 1.881 Executing VM operation: G1CollectFull
Event: 1.898 Executing VM operation: G1CollectFull done
Event: 1.901 Executing VM operation: G1CollectFull
Event: 1.908 Executing VM operation: G1CollectFull done

Events (20 events):
Event: 2.084 loading class sun/nio/cs/US_ASCII
Event: 2.084 loading class sun/nio/cs/US_ASCII done
Event: 2.084 loading class java/nio/charset/StandardCharsets
Event: 2.084 loading class java/nio/charset/StandardCharsets done
Event: 2.084 loading class sun/nio/cs/UTF_16BE
Event: 2.084 loading class sun/nio/cs/UTF_16BE done
Event: 2.084 loading class sun/nio/cs/UTF_16LE
Event: 2.084 loading class sun/nio/cs/UTF_16LE done
Event: 2.084 loading class sun/nio/cs/UTF_16
Event: 2.084 loading class sun/nio/cs/UTF_16 done
Event: 2.084 loading class sun/misc/Unsafe
Event: 2.085 loading class sun/misc/Unsafe done
Event: 2.085 loading class jdk/internal/access/foreign/MemorySegmentProxy
Event: 2.085 loading class jdk/internal/access/foreign/MemorySegmentProxy done
Event: 2.086 loading class java/nio/StringCharBuffer
Event: 2.086 loading class java/nio/StringCharBuffer done
Event: 2.097 loading class java/awt/IllegalComponentStateException
Event: 2.097 loading class java/awt/IllegalComponentStateException done
Event: 2.103 loading class java/lang/NumberFormatException
Event: 2.103 loading class java/lang/NumberFormatException done


Dynamic libraries:
0x0000000108fae000 	/Applications/jmonkeyplatform.app/Contents/Resources/jmonkeyplatform/jdk/lib/libjli.dylib
0x00007ff82bbf4000 	/System/Library/Frameworks/Cocoa.framework/Versions/A/Cocoa
0x00007ff813a5e000 	/System/Library/Frameworks/AppKit.framework/Versions/C/AppKit
0x00007ff816dc6000 	/System/Library/Frameworks/CoreData.framework/Versions/A/CoreData
0x00007ff81138a000 	/System/Library/Frameworks/Foundation.framework/Versions/C/Foundation
0x00007ff81dd21000 	/usr/lib/libSystem.B.dylib
0x00007ff814e8c000 	/System/Library/PrivateFrameworks/UIFoundation.framework/Versions/A/UIFoundation
0x00007ffb1985a000 	/System/Library/PrivateFrameworks/CollectionViewCore.framework/Versions/A/CollectionViewCore
0x00007ff8253db000 	/System/Library/PrivateFrameworks/RemoteViewServices.framework/Versions/A/RemoteViewServices
0x00007ff81b63e000 	/System/Library/PrivateFrameworks/XCTTargetBootstrap.framework/Versions/A/XCTTargetBootstrap
0x00007ff8207f5000 	/System/Library/PrivateFrameworks/InternationalSupport.framework/Versions/A/InternationalSupport
0x00007ff820849000 	/System/Library/PrivateFrameworks/UserActivity.framework/Versions/A/UserActivity
0x00007ffc1b739000 	/System/Library/PrivateFrameworks/WindowManagement.framework/Versions/A/WindowManagement
0x00007ff811039000 	/System/Library/Frameworks/SystemConfiguration.framework/Versions/A/SystemConfiguration
0x00007ff81fb6e000 	/usr/lib/libspindump.dylib
0x00007ff815069000 	/System/Library/Frameworks/UniformTypeIdentifiers.framework/Versions/A/UniformTypeIdentifiers
0x00007ff81962d000 	/usr/lib/libapp_launch_measurement.dylib
0x00007ff818311000 	/System/Library/PrivateFrameworks/CoreAnalytics.framework/Versions/A/CoreAnalytics
0x00007ff819630000 	/System/Library/PrivateFrameworks/CoreAutoLayout.framework/Versions/A/CoreAutoLayout
0x00007ff81aeaa000 	/System/Library/Frameworks/Metal.framework/Versions/A/Metal
0x00007ff81be49000 	/usr/lib/liblangid.dylib
0x00007ff81b643000 	/System/Library/PrivateFrameworks/CoreSVG.framework/Versions/A/CoreSVG
0x00007ff815a2b000 	/System/Library/PrivateFrameworks/SkyLight.framework/Versions/A/SkyLight
0x00007ff815e8c000 	/System/Library/Frameworks/CoreGraphics.framework/Versions/A/CoreGraphics
0x00007ff825aa7000 	/System/Library/Frameworks/Accelerate.framework/Versions/A/Accelerate
0x00007ff81f9cf000 	/System/Library/PrivateFrameworks/IconServices.framework/Versions/A/IconServices
0x00007ff81ae8b000 	/System/Library/Frameworks/IOSurface.framework/Versions/A/IOSurface
0x00007ff81833d000 	/usr/lib/libDiagnosticMessagesClient.dylib
0x00007ff81dc39000 	/usr/lib/libz.1.dylib
0x00007ff8294cf000 	/System/Library/Frameworks/ApplicationServices.framework/Versions/A/ApplicationServices
0x00007ff81b62b000 	/System/Library/PrivateFrameworks/DFRFoundation.framework/Versions/A/DFRFoundation
0x00007ff81330c000 	/usr/lib/libicucore.A.dylib
0x00007ff821796000 	/System/Library/Frameworks/AudioToolbox.framework/Versions/A/AudioToolbox
0x00007ff820804000 	/System/Library/PrivateFrameworks/DataDetectorsCore.framework/Versions/A/DataDetectorsCore
0x00007ff91aca7000 	/System/Library/PrivateFrameworks/TextInput.framework/Versions/A/TextInput
0x00007ff815984000 	/usr/lib/libMobileGestalt.dylib
0x00007ff81b390000 	/System/Library/Frameworks/Carbon.framework/Versions/A/Frameworks/HIToolbox.framework/Versions/A/HIToolbox
0x00007ff818f89000 	/System/Library/Frameworks/QuartzCore.framework/Versions/A/QuartzCore
0x00007ff812f5e000 	/System/Library/Frameworks/Security.framework/Versions/A/Security
0x00007ff825413000 	/System/Library/Frameworks/Carbon.framework/Versions/A/Frameworks/SpeechRecognition.framework/Versions/A/SpeechRecognition
0x00007ff819360000 	/System/Library/PrivateFrameworks/CoreUI.framework/Versions/A/CoreUI
0x00007ff812839000 	/System/Library/Frameworks/CoreAudio.framework/Versions/A/CoreAudio
0x00007ff81841d000 	/System/Library/Frameworks/DiskArbitration.framework/Versions/A/DiskArbitration
0x00007ff81ff9e000 	/System/Library/PrivateFrameworks/MultitouchSupport.framework/Versions/A/MultitouchSupport
0x00007ff815983000 	/usr/lib/libenergytrace.dylib
0x00007ff91057c000 	/System/Library/PrivateFrameworks/RenderBox.framework/Versions/A/RenderBox
0x00007ff813935000 	/System/Library/Frameworks/IOKit.framework/Versions/A/IOKit
0x00007ff8257e6000 	/System/Library/Frameworks/CoreServices.framework/Versions/A/CoreServices
0x00007ff8195c5000 	/System/Library/PrivateFrameworks/PerformanceAnalysis.framework/Versions/A/PerformanceAnalysis
0x00007ffa29980000 	/System/Library/Frameworks/OpenGL.framework/Versions/A/OpenGL
0x00007ff819679000 	/usr/lib/libxml2.2.dylib
0x00007ff81cf0c000 	/System/Library/PrivateFrameworks/MobileKeyBag.framework/Versions/A/MobileKeyBag
0x00007ff810024000 	/usr/lib/libobjc.A.dylib
0x00007ff810326000 	/usr/lib/libc++.1.dylib
0x00007ff825762000 	/System/Library/Frameworks/Accessibility.framework/Versions/A/Accessibility
0x00007ff816720000 	/System/Library/Frameworks/ColorSync.framework/Versions/A/ColorSync
0x00007ff810459000 	/System/Library/Frameworks/CoreFoundation.framework/Versions/A/CoreFoundation
0x00007ff81b9b6000 	/System/Library/Frameworks/CoreImage.framework/Versions/A/CoreImage
0x00007ff812632000 	/System/Library/Frameworks/CoreText.framework/Versions/A/CoreText
0x00007ffa2fb92000 	/System/Library/Frameworks/CoreTransferable.framework/Versions/A/CoreTransferable
0x00007ffa2ff97000 	/System/Library/Frameworks/DeveloperToolsSupport.framework/Versions/A/DeveloperToolsSupport
0x00007ff81b67c000 	/System/Library/Frameworks/ImageIO.framework/Versions/A/ImageIO
0x00007ffb1421c000 	/System/Library/Frameworks/Symbols.framework/Versions/A/Symbols
0x00007ff81dd26000 	/System/Library/PrivateFrameworks/SoftLinking.framework/Versions/A/SoftLinking
0x00007ff821206000 	/usr/lib/swift/libswiftCore.dylib
0x00007ff91788b000 	/usr/lib/swift/libswiftCoreFoundation.dylib
0x00007ff915518000 	/usr/lib/swift/libswiftCoreGraphics.dylib
0x00007ff9178c9000 	/usr/lib/swift/libswiftCoreImage.dylib
0x00007ff91551f000 	/usr/lib/swift/libswiftDarwin.dylib
0x00007ff827149000 	/usr/lib/swift/libswiftDispatch.dylib
0x00007ff9178ca000 	/usr/lib/swift/libswiftIOKit.dylib
0x00007ff9238b9000 	/usr/lib/swift/libswiftMetal.dylib
0x00007ffa11013000 	/usr/lib/swift/libswiftOSLog.dylib
0x00007ff82993a000 	/usr/lib/swift/libswiftObjectiveC.dylib
0x00007ff927e4a000 	/usr/lib/swift/libswiftQuartzCore.dylib
0x00007ff92bf35000 	/usr/lib/swift/libswiftUniformTypeIdentifiers.dylib
0x00007ff91789b000 	/usr/lib/swift/libswiftXPC.dylib
0x00007ffc23e03000 	/usr/lib/swift/libswift_Concurrency.dylib
0x00007ff82993e000 	/usr/lib/swift/libswiftos.dylib
0x00007ff91ac09000 	/usr/lib/swift/libswiftsimd.dylib
0x00007ff81debf000 	/usr/lib/libcompression.dylib
0x00007ff820735000 	/System/Library/PrivateFrameworks/TextureIO.framework/Versions/A/TextureIO
0x00007ff81f5da000 	/usr/lib/libate.dylib
0x00007ff81dd1b000 	/usr/lib/system/libcache.dylib
0x00007ff81dcd7000 	/usr/lib/system/libcommonCrypto.dylib
0x00007ff81dcff000 	/usr/lib/system/libcompiler_rt.dylib
0x00007ff81dcf4000 	/usr/lib/system/libcopyfile.dylib
0x00007ff81015d000 	/usr/lib/system/libcorecrypto.dylib
0x00007ff810254000 	/usr/lib/system/libdispatch.dylib
0x00007ff8103fe000 	/usr/lib/system/libdyld.dylib
0x00007ff81dd11000 	/usr/lib/system/libkeymgr.dylib
0x00007ff81dcb8000 	/usr/lib/system/libmacho.dylib
0x00007ff81cfe7000 	/usr/lib/system/libquarantine.dylib
0x00007ff81dd0f000 	/usr/lib/system/libremovefile.dylib
0x00007ff8159f6000 	/usr/lib/system/libsystem_asl.dylib
0x00007ff8100f7000 	/usr/lib/system/libsystem_blocks.dylib
0x00007ff81029e000 	/usr/lib/system/libsystem_c.dylib
0x00007ff81dd07000 	/usr/lib/system/libsystem_collections.dylib
0x00007ff81be39000 	/usr/lib/system/libsystem_configuration.dylib
0x00007ff81ae62000 	/usr/lib/system/libsystem_containermanager.dylib
0x00007ff81d909000 	/usr/lib/system/libsystem_coreservices.dylib
0x00007ff8135ad000 	/usr/lib/system/libsystem_darwin.dylib
0x00007ffc24131000 	/usr/lib/system/libsystem_darwindirectory.dylib
0x00007ff81dd12000 	/usr/lib/system/libsystem_dnssd.dylib
0x00007ffc24135000 	/usr/lib/system/libsystem_eligibility.dylib
0x00007ff81029b000 	/usr/lib/system/libsystem_featureflags.dylib
0x00007ff81042e000 	/usr/lib/system/libsystem_info.dylib
0x00007ff81dc4d000 	/usr/lib/system/libsystem_m.dylib
0x00007ff810214000 	/usr/lib/system/libsystem_malloc.dylib
0x00007ff81596a000 	/usr/lib/system/libsystem_networkextension.dylib
0x00007ff8139f9000 	/usr/lib/system/libsystem_notify.dylib
0x00007ff81be3d000 	/usr/lib/system/libsystem_sandbox.dylib
0x00007ffc24138000 	/usr/lib/system/libsystem_sanitizers.dylib
0x00007ff81dd0c000 	/usr/lib/system/libsystem_secinit.dylib
0x00007ff8103b7000 	/usr/lib/system/libsystem_kernel.dylib
0x00007ff810423000 	/usr/lib/system/libsystem_platform.dylib
0x00007ff8103f2000 	/usr/lib/system/libsystem_pthread.dylib
0x00007ff817666000 	/usr/lib/system/libsystem_symptoms.dylib
0x00007ff810143000 	/usr/lib/system/libsystem_trace.dylib
0x00007ff81dce3000 	/usr/lib/system/libunwind.dylib
0x00007ff8100fb000 	/usr/lib/system/libxpc.dylib
0x00007ff8103a1000 	/usr/lib/libc++abi.dylib
0x00007ff81dcec000 	/usr/lib/liboah.dylib
0x00007ff81f360000 	/usr/lib/liblzma.5.dylib
0x00007ff81dd23000 	/usr/lib/libfakelink.dylib
0x00007ff8155ba000 	/System/Library/Frameworks/CFNetwork.framework/Versions/A/CFNetwork
0x00007ff81dd75000 	/usr/lib/libarchive.2.dylib
0x00007ff82365f000 	/System/Library/Frameworks/Combine.framework/Versions/A/Combine
0x00007ffb1986f000 	/System/Library/PrivateFrameworks/CollectionsInternal.framework/Versions/A/CollectionsInternal
0x00007ffb2ea97000 	/System/Library/PrivateFrameworks/ReflectionInternal.framework/Versions/A/ReflectionInternal
0x00007ffb2f010000 	/System/Library/PrivateFrameworks/RuntimeInternal.framework/Versions/A/RuntimeInternal
0x00007ffc23f3e000 	/usr/lib/swift/libswift_StringProcessing.dylib
0x00007ff8138b3000 	/System/Library/PrivateFrameworks/CoreServicesInternal.framework/Versions/A/CoreServicesInternal
0x00007ff81d00c000 	/usr/lib/libbsm.0.dylib
0x00007ff81dcbe000 	/usr/lib/system/libkxld.dylib
0x00007ff8195f8000 	/System/Library/Frameworks/CoreServices.framework/Versions/A/Frameworks/FSEvents.framework/Versions/A/FSEvents
0x00007ff8135b8000 	/System/Library/Frameworks/CoreServices.framework/Versions/A/Frameworks/CarbonCore.framework/Versions/A/CarbonCore
0x00007ff818385000 	/System/Library/Frameworks/CoreServices.framework/Versions/A/Frameworks/Metadata.framework/Versions/A/Metadata
0x00007ff81d90f000 	/System/Library/Frameworks/CoreServices.framework/Versions/A/Frameworks/OSServices.framework/Versions/A/OSServices
0x00007ff81ddfe000 	/System/Library/Frameworks/CoreServices.framework/Versions/A/Frameworks/SearchKit.framework/Versions/A/SearchKit
0x00007ff8175ec000 	/System/Library/Frameworks/CoreServices.framework/Versions/A/Frameworks/AE.framework/Versions/A/AE
0x00007ff8108f3000 	/System/Library/Frameworks/CoreServices.framework/Versions/A/Frameworks/LaunchServices.framework/Versions/A/LaunchServices
0x00007ff81f311000 	/System/Library/Frameworks/CoreServices.framework/Versions/A/Frameworks/DictionaryServices.framework/Versions/A/DictionaryServices
0x00007ff819605000 	/System/Library/Frameworks/CoreServices.framework/Versions/A/Frameworks/SharedFileList.framework/Versions/A/SharedFileList
0x00007ff81de89000 	/usr/lib/libapple_nghttp2.dylib
0x00007ff817261000 	/usr/lib/libsqlite3.dylib
0x00007ff81766e000 	/System/Library/Frameworks/Network.framework/Versions/A/Network
0x00007ffc227b3000 	/usr/lib/libCoreEntitlements.dylib
0x00007ffb2a29a000 	/System/Library/PrivateFrameworks/MessageSecurity.framework/Versions/A/MessageSecurity
0x00007ff817248000 	/System/Library/PrivateFrameworks/ProtocolBuffer.framework/Versions/A/ProtocolBuffer
0x00007ff81d82c000 	/System/Library/PrivateFrameworks/AppleFSCompression.framework/Versions/A/AppleFSCompression
0x00007ff81cff4000 	/usr/lib/libcoretls.dylib
0x00007ff81f37f000 	/usr/lib/libcoretls_cfhelpers.dylib
0x00007ff81deb9000 	/usr/lib/libpam.2.dylib
0x00007ff81f3f8000 	/usr/lib/libxar.1.dylib
0x00007ff81f9a8000 	/usr/lib/libheimdal-asn1.dylib
0x00007ff8155b9000 	/usr/lib/libnetwork.dylib
0x00007ff81dd27000 	/usr/lib/libpcap.A.dylib
0x00007ff81765c000 	/usr/lib/libdns_services.dylib
0x00007ff81be44000 	/System/Library/PrivateFrameworks/AppleSystemInfo.framework/Versions/A/AppleSystemInfo
0x00007ff81cd0d000 	/System/Library/PrivateFrameworks/IOMobileFramebuffer.framework/Versions/A/IOMobileFramebuffer
0x00007ffc23e90000 	/usr/lib/swift/libswift_RegexParser.dylib
0x00007ff81d8fa000 	/usr/lib/libbz2.1.0.dylib
0x00007ff81cfea000 	/usr/lib/libCheckFix.dylib
0x00007ff815a0d000 	/System/Library/PrivateFrameworks/TCC.framework/Versions/A/TCC
0x00007ff81be4b000 	/System/Library/PrivateFrameworks/CoreNLP.framework/Versions/A/CoreNLP
0x00007ff81833f000 	/System/Library/PrivateFrameworks/MetadataUtilities.framework/Versions/A/MetadataUtilities
0x00007ff81d01c000 	/usr/lib/libmecab.dylib
0x00007ff8110c0000 	/usr/lib/libCRFSuite.dylib
0x00007ff81d075000 	/usr/lib/libgermantok.dylib
0x00007ff81de64000 	/usr/lib/libThaiTokenizer.dylib
0x00007ff818425000 	/System/Library/Frameworks/Accelerate.framework/Versions/A/Frameworks/vImage.framework/Versions/A/vImage
0x00007ff8257bc000 	/System/Library/Frameworks/Accelerate.framework/Versions/A/Frameworks/vecLib.framework/Versions/A/vecLib
0x00007ff81f43a000 	/System/Library/Frameworks/Accelerate.framework/Versions/A/Frameworks/vecLib.framework/Versions/A/libvMisc.dylib
0x00007ff81cadd000 	/System/Library/Frameworks/Accelerate.framework/Versions/A/Frameworks/vecLib.framework/Versions/A/libvDSP.dylib
0x00007ff810d00000 	/System/Library/Frameworks/Accelerate.framework/Versions/A/Frameworks/vecLib.framework/Versions/A/libBLAS.dylib
0x00007ff81dfa1000 	/System/Library/Frameworks/Accelerate.framework/Versions/A/Frameworks/vecLib.framework/Versions/A/libLAPACK.dylib
0x00007ff81d078000 	/System/Library/Frameworks/Accelerate.framework/Versions/A/Frameworks/vecLib.framework/Versions/A/libLinearAlgebra.dylib
0x00007ff81dea4000 	/System/Library/Frameworks/Accelerate.framework/Versions/A/Frameworks/vecLib.framework/Versions/A/libSparseBLAS.dylib
0x00007ff81df9b000 	/System/Library/Frameworks/Accelerate.framework/Versions/A/Frameworks/vecLib.framework/Versions/A/libQuadrature.dylib
0x00007ff81bf61000 	/System/Library/Frameworks/Accelerate.framework/Versions/A/Frameworks/vecLib.framework/Versions/A/libBNNS.dylib
0x00007ff810fc1000 	/System/Library/Frameworks/Accelerate.framework/Versions/A/Frameworks/vecLib.framework/Versions/A/libSparse.dylib
0x00007ffb28b3f000 	/System/Library/PrivateFrameworks/MIL.framework/Versions/A/MIL
0x00007ff81dd5d000 	/usr/lib/libiconv.2.dylib
0x00007ff81dcb7000 	/usr/lib/libcharset.1.dylib
0x00007ff8195dc000 	/System/Library/Frameworks/OpenDirectory.framework/Versions/A/Frameworks/CFOpenDirectory.framework/Versions/A/CFOpenDirectory
0x00007ff8195d0000 	/System/Library/Frameworks/OpenDirectory.framework/Versions/A/OpenDirectory
0x00007ff81f381000 	/System/Library/PrivateFrameworks/APFS.framework/Versions/A/APFS
0x00007ff81cf2f000 	/System/Library/Frameworks/SecurityFoundation.framework/Versions/A/SecurityFoundation
0x00007ff81f406000 	/usr/lib/libutil.dylib
0x00007ffb26f6d000 	/System/Library/PrivateFrameworks/InstalledContentLibrary.framework/Versions/A/InstalledContentLibrary
0x00007ff8138f5000 	/System/Library/PrivateFrameworks/CoreServicesStore.framework/Versions/A/CoreServicesStore
0x00007ffb17489000 	/System/Library/PrivateFrameworks/AppleMobileFileIntegrity.framework/Versions/A/AppleMobileFileIntegrity
0x00007ff91785d000 	/usr/lib/libmis.dylib
0x00007ff928326000 	/System/Library/PrivateFrameworks/MobileSystemServices.framework/Versions/A/MobileSystemServices
0x00007ffa25653000 	/System/Library/PrivateFrameworks/ConfigProfileHelper.framework/Versions/A/ConfigProfileHelper
0x00007ff81de66000 	/System/Library/PrivateFrameworks/AppleSauce.framework/Versions/A/AppleSauce
0x00007ff811fc1000 	/System/Library/PrivateFrameworks/LanguageModeling.framework/Versions/A/LanguageModeling
0x00007ff81f40a000 	/usr/lib/libxslt.1.dylib
0x00007ff81dd64000 	/usr/lib/libcmph.dylib
0x00007ff81ccdb000 	/System/Library/PrivateFrameworks/CoreEmoji.framework/Versions/A/CoreEmoji
0x00007ff81bf5b000 	/System/Library/PrivateFrameworks/LinguisticData.framework/Versions/A/LinguisticData
0x00007ff810ed8000 	/System/Library/PrivateFrameworks/Lexicon.framework/Versions/A/Lexicon
0x00007ff81cfb8000 	/System/Library/PrivateFrameworks/BackgroundTaskManagement.framework/Versions/A/BackgroundTaskManagement
0x00007ffc22922000 	/usr/lib/libTLE.dylib
0x00007ff81fe68000 	/System/Library/PrivateFrameworks/AppleJPEG.framework/Versions/A/AppleJPEG
0x00007ff81f98d000 	/usr/lib/libexpat.1.dylib
0x00007ff820590000 	/System/Library/Frameworks/ImageIO.framework/Versions/A/Resources/libPng.dylib
0x00007ff8205bd000 	/System/Library/Frameworks/ImageIO.framework/Versions/A/Resources/libTIFF.dylib
0x00007ff8206af000 	/System/Library/Frameworks/ImageIO.framework/Versions/A/Resources/libGIF.dylib
0x00007ff81feb4000 	/System/Library/Frameworks/ImageIO.framework/Versions/A/Resources/libJP2.dylib
0x00007ff82064f000 	/System/Library/Frameworks/ImageIO.framework/Versions/A/Resources/libJPEG.dylib
0x00007ff820646000 	/System/Library/Frameworks/ImageIO.framework/Versions/A/Resources/libRadiance.dylib
0x00007ff81b230000 	/System/Library/PrivateFrameworks/FontServices.framework/libFontParser.dylib
0x00007ff817589000 	/System/Library/PrivateFrameworks/RunningBoardServices.framework/Versions/A/RunningBoardServices
0x00007ff82c3c0000 	/System/Library/PrivateFrameworks/IOSurfaceAccelerator.framework/Versions/A/IOSurfaceAccelerator
0x00007ff81ff9c000 	/System/Library/PrivateFrameworks/WatchdogClient.framework/Versions/A/WatchdogClient
0x00007ff81218e000 	/System/Library/Frameworks/CoreDisplay.framework/Versions/A/CoreDisplay
0x00007ff81b0ff000 	/System/Library/Frameworks/CoreMedia.framework/Versions/A/CoreMedia
0x00007ff81aea1000 	/System/Library/PrivateFrameworks/IOAccelerator.framework/Versions/A/IOAccelerator
0x00007ff819759000 	/System/Library/Frameworks/CoreVideo.framework/Versions/A/CoreVideo
0x00007ff81deb7000 	/System/Library/Frameworks/MetalPerformanceShaders.framework/Versions/A/MetalPerformanceShaders
0x00007ff81ffdb000 	/System/Library/Frameworks/VideoToolbox.framework/Versions/A/VideoToolbox
0x00007ff8197e6000 	/System/Library/PrivateFrameworks/UserManagement.framework/Versions/A/UserManagement
0x00007ff8174b2000 	/System/Library/PrivateFrameworks/BaseBoard.framework/Versions/A/BaseBoard
0x00007ff81be43000 	/System/Library/PrivateFrameworks/AggregateDictionary.framework/Versions/A/AggregateDictionary
0x00007ffb17286000 	/System/Library/PrivateFrameworks/AppleKeyStore.framework/Versions/A/AppleKeyStore
0x00007ff82063f000 	/System/Library/PrivateFrameworks/GPUWrangler.framework/Versions/A/GPUWrangler
0x00007ff820623000 	/System/Library/PrivateFrameworks/IOPresentment.framework/Versions/A/IOPresentment
0x00007ff820649000 	/System/Library/PrivateFrameworks/DSExternalDisplay.framework/Versions/A/DSExternalDisplay
0x00007ffb22f9e000 	/System/Library/PrivateFrameworks/GPUCompiler.framework/Versions/32023/Libraries/libllvm-flatbuffers.dylib
0x00007ffa29974000 	/System/Library/Frameworks/OpenGL.framework/Versions/A/Libraries/libCoreFSCache.dylib
0x00007ffb20126000 	/System/Library/PrivateFrameworks/GPUCompiler.framework/Versions/32023/Libraries/libGPUCompilerUtils.dylib
0x00007ff8206b5000 	/System/Library/PrivateFrameworks/CMCaptureCore.framework/Versions/A/CMCaptureCore
0x00007ffb10115000 	/System/Library/Frameworks/ExtensionFoundation.framework/Versions/A/ExtensionFoundation
0x00007ff827999000 	/System/Library/PrivateFrameworks/CoreTime.framework/Versions/A/CoreTime
0x00007ff81fb57000 	/System/Library/PrivateFrameworks/AppServerSupport.framework/Versions/A/AppServerSupport
0x00007ff8220ef000 	/System/Library/PrivateFrameworks/perfdata.framework/Versions/A/perfdata
0x00007ff8122bc000 	/System/Library/PrivateFrameworks/AudioToolboxCore.framework/Versions/A/AudioToolboxCore
0x00007ff81b0d9000 	/System/Library/PrivateFrameworks/caulk.framework/Versions/A/caulk
0x00007ff821987000 	/usr/lib/libAudioStatistics.dylib
0x00007ff916c02000 	/System/Library/PrivateFrameworks/SystemPolicy.framework/Versions/A/SystemPolicy
0x00007ff821c49000 	/usr/lib/libSMC.dylib
0x00007ff82ba51000 	/System/Library/Frameworks/CoreMIDI.framework/Versions/A/CoreMIDI
0x00007ff820557000 	/usr/lib/libAudioToolboxUtility.dylib
0x00007ff9121f8000 	/System/Library/PrivateFrameworks/OSAServicesClient.framework/Versions/A/OSAServicesClient
0x00007ff8220fd000 	/usr/lib/libperfcheck.dylib
0x00007ff827445000 	/System/Library/PrivateFrameworks/BoardServices.framework/Versions/A/BoardServices
0x00007ff81f86d000 	/System/Library/PrivateFrameworks/PlugInKit.framework/Versions/A/PlugInKit
0x00007ff81cf22000 	/System/Library/PrivateFrameworks/AssertionServices.framework/Versions/A/AssertionServices
0x00007ffa14374000 	/System/Library/PrivateFrameworks/Symbolication.framework/Versions/A/Symbolication
0x00007ffb2da42000 	/System/Library/PrivateFrameworks/PhotosensitivityProcessing.framework/Versions/A/PhotosensitivityProcessing
0x00007ffa2a653000 	/System/Library/Frameworks/OpenCL.framework/Versions/A/OpenCL
0x00007ff81fb02000 	/System/Library/PrivateFrameworks/GraphVisualizer.framework/Versions/A/GraphVisualizer
0x00007ffa299d1000 	/System/Library/Frameworks/OpenGL.framework/Versions/A/Libraries/libGLU.dylib
0x00007ffa29993000 	/System/Library/Frameworks/OpenGL.framework/Versions/A/Libraries/libGFXShared.dylib
0x00007ffa29b8f000 	/System/Library/Frameworks/OpenGL.framework/Versions/A/Libraries/libGL.dylib
0x00007ffa2999b000 	/System/Library/Frameworks/OpenGL.framework/Versions/A/Libraries/libGLImage.dylib
0x00007ffa29990000 	/System/Library/Frameworks/OpenGL.framework/Versions/A/Libraries/libCVMSPluginSupport.dylib
0x00007ffc228de000 	/usr/lib/libRosetta.dylib
0x00007ffa2997b000 	/System/Library/Frameworks/OpenGL.framework/Versions/A/Libraries/libCoreVMClient.dylib
0x00007ffb1e489000 	/System/Library/PrivateFrameworks/FontServices.framework/Versions/A/FontServices
0x00007ff81fb11000 	/System/Library/PrivateFrameworks/OTSVG.framework/Versions/A/OTSVG
0x00007ff819314000 	/System/Library/Frameworks/ApplicationServices.framework/Versions/A/Frameworks/ATS.framework/Versions/A/Resources/libFontRegistry.dylib
0x00007ff81fb62000 	/System/Library/PrivateFrameworks/FontServices.framework/libhvf.dylib
0x00007ffb1e48a000 	/System/Library/PrivateFrameworks/FontServices.framework/libXTFontStaticRegistryData.dylib
0x00007ff81bd82000 	/System/Library/Frameworks/MetalPerformanceShaders.framework/Versions/A/Frameworks/MPSCore.framework/Versions/A/MPSCore
0x00007ff81d786000 	/System/Library/Frameworks/MetalPerformanceShaders.framework/Versions/A/Frameworks/MPSImage.framework/Versions/A/MPSImage
0x00007ff81d08e000 	/System/Library/Frameworks/MetalPerformanceShaders.framework/Versions/A/Frameworks/MPSNeuralNetwork.framework/Versions/A/MPSNeuralNetwork
0x00007ff81d5fd000 	/System/Library/Frameworks/MetalPerformanceShaders.framework/Versions/A/Frameworks/MPSMatrix.framework/Versions/A/MPSMatrix
0x00007ff81d3af000 	/System/Library/Frameworks/MetalPerformanceShaders.framework/Versions/A/Frameworks/MPSRayIntersector.framework/Versions/A/MPSRayIntersector
0x00007ff81d63c000 	/System/Library/Frameworks/MetalPerformanceShaders.framework/Versions/A/Frameworks/MPSNDArray.framework/Versions/A/MPSNDArray
0x00007ffb1179f000 	/System/Library/Frameworks/MetalPerformanceShaders.framework/Versions/A/Frameworks/MPSFunctions.framework/Versions/A/MPSFunctions
0x00007ffb11782000 	/System/Library/Frameworks/MetalPerformanceShaders.framework/Versions/A/Frameworks/MPSBenchmarkLoop.framework/Versions/A/MPSBenchmarkLoop
0x00007ff810bb0000 	/System/Library/PrivateFrameworks/MetalTools.framework/Versions/A/MetalTools
0x00007ff91bf57000 	/System/Library/PrivateFrameworks/IOAccelMemoryInfo.framework/Versions/A/IOAccelMemoryInfo
0x00007ff928226000 	/System/Library/PrivateFrameworks/kperf.framework/Versions/A/kperf
0x00007ff91787f000 	/System/Library/PrivateFrameworks/GPURawCounter.framework/Versions/A/GPURawCounter
0x00007ff82786e000 	/System/Library/PrivateFrameworks/CoreSymbolication.framework/Versions/A/CoreSymbolication
0x00007ff91782f000 	/System/Library/PrivateFrameworks/MallocStackLogging.framework/Versions/A/MallocStackLogging
0x00007ff81f712000 	/System/Library/PrivateFrameworks/CrashReporterSupport.framework/Versions/A/CrashReporterSupport
0x00007ff82782f000 	/System/Library/PrivateFrameworks/DebugSymbols.framework/Versions/A/DebugSymbols
0x00007ff926c46000 	/System/Library/PrivateFrameworks/OSAnalytics.framework/Versions/A/OSAnalytics
0x00007ffc19c59000 	/System/Library/PrivateFrameworks/VideoToolboxParavirtualizationSupport.framework/Versions/A/VideoToolboxParavirtualizationSupport
0x00007ff81f93f000 	/System/Library/PrivateFrameworks/AppleVA.framework/Versions/A/AppleVA
0x00007ff8219c7000 	/System/Library/Frameworks/ApplicationServices.framework/Versions/A/Frameworks/ATS.framework/Versions/A/ATS
0x00007ff8168cc000 	/System/Library/Frameworks/ApplicationServices.framework/Versions/A/Frameworks/HIServices.framework/Versions/A/HIServices
0x00007ff8206c3000 	/System/Library/Frameworks/ApplicationServices.framework/Versions/A/Frameworks/PrintCore.framework/Versions/A/PrintCore
0x00007ff821d9d000 	/System/Library/Frameworks/ApplicationServices.framework/Versions/A/Frameworks/QD.framework/Versions/A/QD
0x00007ff821d96000 	/System/Library/Frameworks/ApplicationServices.framework/Versions/A/Frameworks/ColorSyncLegacy.framework/Versions/A/ColorSyncLegacy
0x00007ff82199d000 	/System/Library/Frameworks/ApplicationServices.framework/Versions/A/Frameworks/SpeechSynthesis.framework/Versions/A/SpeechSynthesis
0x00007ff82067f000 	/System/Library/Frameworks/ApplicationServices.framework/Versions/A/Frameworks/ATSUI.framework/Versions/A/ATSUI
0x00007ff821d28000 	/usr/lib/libcups.2.dylib
0x00007ff82210c000 	/System/Library/Frameworks/Kerberos.framework/Versions/A/Kerberos
0x00007ff82211b000 	/System/Library/Frameworks/GSS.framework/Versions/A/GSS
0x00007ff821a40000 	/usr/lib/libresolv.9.dylib
0x00007ff81fb74000 	/System/Library/PrivateFrameworks/Heimdal.framework/Versions/A/Heimdal
0x00007ff8298ac000 	/System/Library/Frameworks/Kerberos.framework/Versions/A/Libraries/libHeimdalProxy.dylib
0x00007ff822168000 	/System/Library/PrivateFrameworks/CommonAuth.framework/Versions/A/CommonAuth
0x00007ffa2efcd000 	/System/Library/Frameworks/AVFAudio.framework/Versions/A/AVFAudio
0x00007ff91223f000 	/System/Library/PrivateFrameworks/AXCoreUtilities.framework/Versions/A/AXCoreUtilities
0x00007ffb28301000 	/System/Library/PrivateFrameworks/IsolatedCoreAudioClient.framework/Versions/A/IsolatedCoreAudioClient
0x00007ff82190e000 	/System/Library/PrivateFrameworks/AudioSession.framework/Versions/A/AudioSession
0x00007ff823425000 	/System/Library/Frameworks/IOBluetooth.framework/Versions/A/IOBluetooth
0x00007ff81fa4d000 	/System/Library/PrivateFrameworks/MediaExperience.framework/Versions/A/MediaExperience
0x00007ff821761000 	/System/Library/PrivateFrameworks/AudioSession.framework/libSessionUtility.dylib
0x00007ff821da8000 	/System/Library/PrivateFrameworks/AudioResourceArbitration.framework/Versions/A/AudioResourceArbitration
0x00007ff8264dc000 	/System/Library/PrivateFrameworks/PowerLog.framework/Versions/A/PowerLog
0x00007ff8263f9000 	/System/Library/Frameworks/CoreBluetooth.framework/Versions/A/CoreBluetooth
0x00007ff8298ad000 	/System/Library/Frameworks/AudioUnit.framework/Versions/A/AudioUnit
0x00007ff81cd95000 	/System/Library/PrivateFrameworks/CoreUtils.framework/Versions/A/CoreUtils
0x00007ffb1ca8e000 	/System/Library/PrivateFrameworks/CoreUtilsExtras.framework/Versions/A/CoreUtilsExtras
0x00007ffb26e02000 	/System/Library/PrivateFrameworks/IO80211.framework/Versions/A/IO80211
0x00007ff827387000 	/System/Library/PrivateFrameworks/FrontBoardServices.framework/Versions/A/FrontBoardServices
0x00007ff828e96000 	/System/Library/PrivateFrameworks/BackBoardServices.framework/Versions/A/BackBoardServices
0x00007ff81f9b1000 	/System/Library/PrivateFrameworks/IconFoundation.framework/Versions/A/IconFoundation
0x00007ff825403000 	/System/Library/PrivateFrameworks/SpeechRecognitionCore.framework/Versions/A/SpeechRecognitionCore
0x00007ff912258000 	/usr/lib/libAccessibility.dylib
0x00007ff825af0000 	/System/Library/Frameworks/MediaAccessibility.framework/Versions/A/MediaAccessibility
0x00007ffa17cdf000 	/System/Library/Frameworks/OSLog.framework/Versions/A/OSLog
0x00007ff9177ba000 	/System/Library/PrivateFrameworks/LoggingSupport.framework/Versions/A/LoggingSupport
0x000000010a1c5000 	/Applications/jmonkeyplatform.app/Contents/Resources/jmonkeyplatform/jdk/lib/server/libjvm.dylib
0x0000000108b44000 	/Applications/jmonkeyplatform.app/Contents/Resources/jmonkeyplatform/jdk/lib/libjimage.dylib
0x0000000108b91000 	/Applications/jmonkeyplatform.app/Contents/Resources/jmonkeyplatform/jdk/lib/libjava.dylib
0x000000010a0ef000 	/Applications/jmonkeyplatform.app/Contents/Resources/jmonkeyplatform/jdk/lib/libnio.dylib
0x000000010a146000 	/Applications/jmonkeyplatform.app/Contents/Resources/jmonkeyplatform/jdk/lib/libnet.dylib
0x000000012df5b000 	/Applications/jmonkeyplatform.app/Contents/Resources/jmonkeyplatform/jdk/lib/libzip.dylib
0x0000000133fb0000 	/Applications/jmonkeyplatform.app/Contents/Resources/jmonkeyplatform/jdk/lib/libawt.dylib
0x000000013413e000 	/Applications/jmonkeyplatform.app/Contents/Resources/jmonkeyplatform/jdk/lib/libmlib_image.dylib
0x00007ffb10c4e000 	/System/Library/Frameworks/JavaRuntimeSupport.framework/Versions/A/JavaRuntimeSupport
0x00007ff9165a7000 	/System/Library/Frameworks/Carbon.framework/Versions/A/Carbon
0x00007ff82db42000 	/System/Library/Frameworks/Carbon.framework/Versions/A/Frameworks/CommonPanels.framework/Versions/A/CommonPanels
0x00007ff8291c3000 	/System/Library/Frameworks/Carbon.framework/Versions/A/Frameworks/Help.framework/Versions/A/Help
0x00007ff82db46000 	/System/Library/Frameworks/Carbon.framework/Versions/A/Frameworks/ImageCapture.framework/Versions/A/ImageCapture
0x00007ff82db23000 	/System/Library/Frameworks/Carbon.framework/Versions/A/Frameworks/OpenScripting.framework/Versions/A/OpenScripting
0x00007ff82db41000 	/System/Library/Frameworks/Carbon.framework/Versions/A/Frameworks/Ink.framework/Versions/A/Ink
0x00007ff82db3e000 	/System/Library/Frameworks/Carbon.framework/Versions/A/Frameworks/SecurityHI.framework/Versions/A/SecurityHI
0x00000001343c4000 	/Applications/jmonkeyplatform.app/Contents/Resources/jmonkeyplatform/jdk/lib/libawt_lwawt.dylib
0x0000000133f3a000 	/Applications/jmonkeyplatform.app/Contents/Resources/jmonkeyplatform/jdk/lib/libosxapp.dylib
0x00007ff915586000 	/System/Library/Frameworks/ExceptionHandling.framework/Versions/A/ExceptionHandling
0x00000001348bc000 	/Applications/jmonkeyplatform.app/Contents/Resources/jmonkeyplatform/jdk/lib/libfontmanager.dylib
0x00000001346ad000 	/Applications/jmonkeyplatform.app/Contents/Resources/jmonkeyplatform/jdk/lib/libfreetype.dylib
0x00007ff826abe000 	/System/Library/Frameworks/FileProvider.framework/Versions/A/FileProvider
0x00007ff81741a000 	/System/Library/Frameworks/Accounts.framework/Versions/A/Accounts
0x00007ff826c72000 	/System/Library/PrivateFrameworks/GenerationalStorage.framework/Versions/A/GenerationalStorage
0x00007ff8264d1000 	/System/Library/PrivateFrameworks/SymptomDiagnosticReporter.framework/Versions/A/SymptomDiagnosticReporter
0x00007ff81507f000 	/System/Library/PrivateFrameworks/DesktopServicesPriv.framework/Versions/A/DesktopServicesPriv
0x00007ff813a09000 	/usr/lib/libsandbox.1.dylib
0x00007ff821d8b000 	/System/Library/PrivateFrameworks/NetAuth.framework/Versions/A/NetAuth
0x00007ff8230d1000 	/System/Library/PrivateFrameworks/Sharing.framework/Versions/A/Sharing
0x00007ff8197ab000 	/System/Library/PrivateFrameworks/login.framework/Versions/A/Frameworks/loginsupport.framework/Versions/A/loginsupport
0x00007ff828ce8000 	/System/Library/PrivateFrameworks/Apple80211.framework/Versions/A/Apple80211
0x00007ff81d93c000 	/System/Library/PrivateFrameworks/AuthKit.framework/Versions/A/AuthKit
0x00007ff828ce9000 	/System/Library/PrivateFrameworks/CoreWiFi.framework/Versions/A/CoreWiFi
0x00007ff81cd1c000 	/System/Library/Frameworks/CoreWLAN.framework/Versions/A/CoreWLAN
0x00007ff917882000 	/usr/lib/swift/libswiftCoreAudio.dylib
0x00007ff91cd2c000 	/usr/lib/swift/libswiftCoreLocation.dylib
0x00007ff81f709000 	/usr/lib/libIOReport.dylib
0x00007ffa1e83d000 	/System/Library/PrivateFrameworks/WiFiPeerToPeer.framework/Versions/A/WiFiPeerToPeer
0x00007ff81dae9000 	/System/Library/Frameworks/UserNotifications.framework/Versions/A/UserNotifications
0x00007ff8222a7000 	/System/Library/PrivateFrameworks/CorePhoneNumbers.framework/Versions/A/CorePhoneNumbers
0x00007ff821a6c000 	/System/Library/PrivateFrameworks/MultiverseSupport.framework/Versions/A/MultiverseSupport
0x00007ff829116000 	/System/Library/PrivateFrameworks/RemoteServiceDiscovery.framework/Versions/A/RemoteServiceDiscovery
0x00007ff8265eb000 	/System/Library/PrivateFrameworks/DiskManagement.framework/Versions/A/DiskManagement
0x00007ff826504000 	/System/Library/PrivateFrameworks/AppleIDAuthSupport.framework/Versions/A/AppleIDAuthSupport
0x00007ffb152c7000 	/System/Library/PrivateFrameworks/AAAFoundation.framework/Versions/A/AAAFoundation
0x00007ff82227b000 	/System/Library/PrivateFrameworks/KeychainCircle.framework/Versions/A/KeychainCircle
0x00007ff829127000 	/System/Library/PrivateFrameworks/RemoteXPC.framework/Versions/A/RemoteXPC
0x00007ff8291cb000 	/usr/lib/libcsfde.dylib
0x00007ff81f8b7000 	/usr/lib/libCoreStorage.dylib
0x00007ff8265b8000 	/System/Library/PrivateFrameworks/MediaKit.framework/Versions/A/MediaKit
0x00007ff826510000 	/System/Library/Frameworks/DiscRecording.framework/Versions/A/DiscRecording
0x00007ff8234fa000 	/System/Library/PrivateFrameworks/ProtectedCloudStorage.framework/Versions/A/ProtectedCloudStorage
0x00007ff8291c7000 	/System/Library/PrivateFrameworks/EFILogin.framework/Versions/A/EFILogin
0x00007ff826c9a000 	/System/Library/PrivateFrameworks/OctagonTrust.framework/Versions/A/OctagonTrust
0x00007ff81ad4e000 	/System/Library/Frameworks/CoreLocation.framework/Versions/A/CoreLocation
0x00007ff823756000 	/System/Library/PrivateFrameworks/GeoServices.framework/Versions/A/GeoServices
0x00007ff82172d000 	/System/Library/PrivateFrameworks/LocationSupport.framework/Versions/A/LocationSupport
0x00007ffb23b92000 	/System/Library/PrivateFrameworks/GeoServicesCore.framework/Versions/A/GeoServicesCore
0x00007ff912236000 	/System/Library/PrivateFrameworks/PhoneNumbers.framework/Versions/A/PhoneNumbers
0x00007ff81f8af000 	/usr/lib/libMatch.1.dylib
0x00007ff92042e000 	/System/Library/CoreServices/RawCamera.bundle/Contents/MacOS/RawCamera
0x00007ff822178000 	/System/Library/PrivateFrameworks/MobileAsset.framework/Versions/A/MobileAsset
0x00007ffb16ff8000 	/System/Library/PrivateFrameworks/AppleJPEGXL.framework/Versions/A/AppleJPEGXL
0x00007ff91d690000 	/System/Library/PrivateFrameworks/SoftwareUpdateCoreSupport.framework/Versions/A/SoftwareUpdateCoreSupport
0x00007ff924d33000 	/System/Library/PrivateFrameworks/SoftwareUpdateCoreConnect.framework/Versions/A/SoftwareUpdateCoreConnect
0x00007ff8298cc000 	/System/Library/PrivateFrameworks/StreamingZip.framework/Versions/A/StreamingZip
0x00007ff91d323000 	/System/Library/PrivateFrameworks/MSUDataAccessor.framework/Versions/A/MSUDataAccessor
0x00007ff9193db000 	/usr/lib/libbootpolicy.dylib
0x00007ff92c116000 	/usr/lib/libpartition2_dynamic.dylib
0x00007ffb18925000 	/System/Library/PrivateFrameworks/CMPhoto.framework/Versions/A/CMPhoto
0x00007ff827703000 	/System/Library/PrivateFrameworks/AppleVPA.framework/Versions/A/AppleVPA
0x00007ff8208b5000 	/System/Library/Frameworks/MediaToolbox.framework/Versions/A/MediaToolbox
0x00007ff826a90000 	/System/Library/PrivateFrameworks/CoreAVCHD.framework/Versions/A/CoreAVCHD
0x00007ff826a8c000 	/System/Library/PrivateFrameworks/Mangrove.framework/Versions/A/Mangrove
0x00007ff827027000 	/System/Library/Frameworks/CoreTelephony.framework/Versions/A/CoreTelephony
0x00007ff8266d1000 	/System/Library/PrivateFrameworks/CoreAUC.framework/Versions/A/CoreAUC
0x00007ff8222b0000 	/usr/lib/libTelephonyUtilDynamic.dylib
0x00007ff91cd0f000 	/System/Library/Frameworks/Accelerate.framework/Versions/A/Frameworks/vImage.framework/Versions/A/Libraries/libCGInterfaces.dylib
0x000000013d91c000 	/usr/lib/libobjc-trampolines.dylib
0x00007ffc22663000 	/usr/lib/libAccessibilityBaseImplementations.dylib
0x00007ff81fc2a000 	/System/Library/PrivateFrameworks/login.framework/Versions/A/login
0x00007ff827557000 	/System/Library/Frameworks/LocalAuthentication.framework/Versions/A/LocalAuthentication
0x00007ffb28a05000 	/System/Library/PrivateFrameworks/LocalAuthenticationCore.framework/Versions/A/LocalAuthenticationCore
0x00007ff82759c000 	/System/Library/Frameworks/LocalAuthentication.framework/Support/SharedUtils.framework/Versions/A/SharedUtils
0x00007ff8274f5000 	/System/Library/Frameworks/CryptoTokenKit.framework/Versions/A/CryptoTokenKit
0x00007ff8194c0000 	/System/Library/PrivateFrameworks/ViewBridge.framework/Versions/A/ViewBridge
0x00007ffa29b9a000 	/System/Library/Frameworks/OpenGL.framework/Versions/A/Resources/GLEngine.bundle/GLEngine
0x00007ffa29a0e000 	/System/Library/Frameworks/OpenGL.framework/Versions/A/Libraries/libGLProgrammability.dylib
0x000000013e567000 	/System/Library/Extensions/AppleMetalOpenGLRenderer.bundle/Contents/MacOS/AppleMetalOpenGLRenderer
0x00007ffa29d0a000 	/System/Library/Frameworks/OpenGL.framework/Versions/A/Resources/GLRendererFloat.bundle/GLRendererFloat
0x00007ffa2be88000 	/System/Library/Extensions/AGXMetalG14X.bundle/Contents/MacOS/AGXMetalG14X
0x00007ff911195000 	/System/Library/PrivateFrameworks/IOGPU.framework/Versions/A/IOGPU
0x000000013e857000 	/Applications/jmonkeyplatform.app/Contents/Resources/jmonkeyplatform/jdk/lib/libosxui.dylib
0x000000013ebfc000 	/Applications/jmonkeyplatform.app/Contents/Resources/jmonkeyplatform/jdk/lib/libprefs.dylib
0x00007ffc1634c000 	/System/Library/PrivateFrameworks/TextInputUI.framework/Versions/A/TextInputUI
0x00007ffc16352000 	/System/Library/PrivateFrameworks/TextInputUIMacHelper.framework/Versions/A/TextInputUIMacHelper
0x00007ff825b26000 	/System/Library/PrivateFrameworks/SystemAdministration.framework/Versions/A/SystemAdministration
0x00007ff8253d0000 	/System/Library/Frameworks/DirectoryService.framework/Versions/A/DirectoryService
0x00007ff82902b000 	/System/Library/PrivateFrameworks/DiskImages.framework/Versions/A/DiskImages
0x00007ff81cfdd000 	/System/Library/Frameworks/ServiceManagement.framework/Versions/A/ServiceManagement
0x00007ff829256000 	/System/Library/PrivateFrameworks/LoginUIKit.framework/Versions/A/Frameworks/LoginUICore.framework/Versions/A/LoginUICore
0x00007ff81fdef000 	/usr/lib/libodfde.dylib
0x00007ff8291d6000 	/usr/lib/libcurl.4.dylib
0x00007ffc22dd9000 	/usr/lib/libcrypto.46.dylib
0x00007ffc23aa6000 	/usr/lib/libssl.48.dylib
0x00007ff828eba000 	/System/Library/Frameworks/LDAP.framework/Versions/A/LDAP
0x00007ff828ef5000 	/System/Library/PrivateFrameworks/TrustEvaluationAgent.framework/Versions/A/TrustEvaluationAgent
0x00007ff821a59000 	/usr/lib/libsasl2.2.dylib
0x00000001b8383000 	/Users/jmoon/Documents/Coding/2024-fall-cggp/FPS/libopenal.dylib
0x00000001b8426000 	/Users/jmoon/Documents/Coding/2024-fall-cggp/FPS/liblwjgl.dylib
0x00000001b82a4000 	/Applications/jmonkeyplatform.app/Contents/Resources/jmonkeyplatform/jdk/lib/libjawt.dylib


VM Arguments:
jvm_args: -Dfile.encoding=UTF-8 --module-path=/Users/jmoon/Documents/Coding/2024-fall-cggp/FPS/build/classes 
java_command: mygame.Main
java_class_path (initial): /Applications/jmonkeyplatform.app/Contents/Resources/jmonkeyplatform/jmonkeyplatform/libs/jme3-jogg-3.6.1-stable.jar:/Applications/jmonkeyplatform.app/Contents/Resources/jmonkeyplatform/jmonkeyplatform/libs/j-ogg-vorbis-1.0.3.jar:/Applications/jmonkeyplatform.app/Contents/Resources/jmonkeyplatform/jmonkeyplatform/libs/jme3-networking-3.6.1-stable.jar:/Applications/jmonkeyplatform.app/Contents/Resources/jmonkeyplatform/jmonkeyplatform/libs/jme3-plugins-3.6.1-stable.jar:/Applications/jmonkeyplatform.app/Contents/Resources/jmonkeyplatform/jmonkeyplatform/libs/gson-2.9.1.jar:/Applications/jmonkeyplatform.app/Contents/Resources/jmonkeyplatform/jmonkeyplatform/libs/jme3-core-3.6.1-stable.jar:/Applications/jmonkeyplatform.app/Contents/Resources/jmonkeyplatform/jmonkeyplatform/libs/jme3-desktop-3.6.1-stable.jar:/Applications/jmonkeyplatform.app/Contents/Resources/jmonkeyplatform/jmonkeyplatform/libs/jme3-lwjgl-3.6.1-stable.jar:/Applications/jmonkeyplatform.app/Contents/Resources/jmonkeyplatform/jmonkeyplatform/libs/lwjgl-platform-2.9.5-natives-windows.jar:/Applications/jmonkeyplatform.app/Contents/Resources/jmonkeyplatform/jmonkeyplatform/libs/lwjgl-platform-2.9.5-natives-linux.jar:/Applications/jmonkeyplatform.app/Contents/Resources/jmonkeyplatform/jmonkeyplatform/libs/lwjgl-platform-2.9.5-natives-osx.jar:/Applications/jmonkeyplatform.app/Contents/Resources/jmonkeyplatform/jmonkeyplatform/libs/jinput-2.0.9.jar:/Applications/jmonkeyplatform.app/Contents/Resources/jmonkeyplatform/jmonkeyplatform/libs/jinput-2.0.9-natives-all.jar:/Applications/jmonkeyplatform.app/Contents/Resources/jmonkeyplatform/jmonkeyplatform/libs/lwjgl-2.9.5.jar:/Applications/jmonkeyplatform.app/Contents/Resources/jmonkeyplatform/jmonkeyplatform/libs/jme3-effects-3.6.1-stable.jar:/Applications/jmonkeyplatform.app/Contents/Resources/jmonkeyplatform/jmonkeyplatform/libs/jme3-terrain-3.6.1-stable.jar:/Applications/jmonkeyplatform.app/Contents/Resources/jmonkeyplatform/jmonkeypla
Launcher Type: SUN_STANDARD

[Global flags]
     intx CICompilerCount                          = 4                                         {product} {ergonomic}
     uint ConcGCThreads                            = 3                                         {product} {ergonomic}
     uint G1ConcRefinementThreads                  = 10                                        {product} {ergonomic}
   size_t G1HeapRegionSize                         = 2097152                                   {product} {ergonomic}
    uintx GCDrainStackTargetSize                   = 64                                        {product} {ergonomic}
   size_t InitialHeapSize                          = 268435456                                 {product} {ergonomic}
   size_t MarkStackSize                            = 4194304                                   {product} {ergonomic}
   size_t MaxHeapSize                              = 4294967296                                {product} {ergonomic}
   size_t MaxNewSize                               = 2575302656                                {product} {ergonomic}
   size_t MinHeapDeltaBytes                        = 2097152                                   {product} {ergonomic}
   size_t MinHeapSize                              = 8388608                                   {product} {ergonomic}
    uintx NonNMethodCodeHeapSize                   = 5839372                                {pd product} {ergonomic}
    uintx NonProfiledCodeHeapSize                  = 122909434                              {pd product} {ergonomic}
    uintx ProfiledCodeHeapSize                     = 122909434                              {pd product} {ergonomic}
    uintx ReservedCodeCacheSize                    = 251658240                              {pd product} {ergonomic}
     bool SegmentedCodeCache                       = true                                      {product} {ergonomic}
   size_t SoftMaxHeapSize                          = 4294967296                             {manageable} {ergonomic}
     bool UseCompressedClassPointers               = true                           {product lp64_product} {ergonomic}
     bool UseCompressedOops                        = true                           {product lp64_product} {ergonomic}
     bool UseG1GC                                  = true                                      {product} {ergonomic}
     bool UseNUMA                                  = false                                     {product} {ergonomic}
     bool UseNUMAInterleaving                      = false                                     {product} {ergonomic}

Logging:
Log output configuration:
 #0: stdout all=warning uptime,level,tags
 #1: stderr all=off uptime,level,tags

Environment Variables:
PATH=/usr/bin:/bin:/usr/sbin:/sbin
SHELL=/bin/zsh
LC_CTYPE=UTF-8
TMPDIR=/var/folders/r_/xvpkgxkn09g16flq0x5w6c6r0000gn/T/

Active Locale:
LC_ALL=C/UTF-8/C/C/C/C
LC_COLLATE=C
LC_CTYPE=UTF-8
LC_MESSAGES=C
LC_MONETARY=C
LC_NUMERIC=C
LC_TIME=C

Signal Handlers:
   SIGSEGV: crash_handler in libjvm.dylib, mask=11100110100111111111111111111111, flags=SA_RESTART|SA_SIGINFO, unblocked
    SIGBUS: crash_handler in libjvm.dylib, mask=11100110100111111111111111111111, flags=SA_RESTART|SA_SIGINFO, unblocked
    SIGFPE: crash_handler in libjvm.dylib, mask=11100110100111111111111111111111, flags=SA_RESTART|SA_SIGINFO, unblocked
   SIGPIPE: javaSignalHandler in libjvm.dylib, mask=11100110100111111111111111111111, flags=SA_RESTART|SA_SIGINFO, blocked
   SIGXFSZ: javaSignalHandler in libjvm.dylib, mask=11100110100111111111111111111111, flags=SA_RESTART|SA_SIGINFO, blocked
    SIGILL: crash_handler in libjvm.dylib, mask=11100110100111111111111111111111, flags=SA_RESTART|SA_SIGINFO, unblocked
   SIGUSR2: SR_handler in libjvm.dylib, mask=00100000000000000000000000000000, flags=SA_RESTART|SA_SIGINFO, blocked
    SIGHUP: UserHandler in libjvm.dylib, mask=11100110100111111111111111111111, flags=SA_RESTART|SA_SIGINFO, blocked
    SIGINT: SIG_IGN, mask=11111111011111110111111111111111, flags=none, blocked
   SIGTERM: UserHandler in libjvm.dylib, mask=11100110100111111111111111111111, flags=SA_RESTART|SA_SIGINFO, blocked
   SIGQUIT: UserHandler in libjvm.dylib, mask=11100110100111111111111111111111, flags=SA_RESTART|SA_SIGINFO, blocked
   SIGTRAP: crash_handler in libjvm.dylib, mask=11100110100111111111111111111111, flags=SA_RESTART|SA_SIGINFO, unblocked


Periodic native trim disabled


---------------  S Y S T E M  ---------------

OS:
uname: Darwin 23.4.0 Darwin Kernel Version 23.4.0: Fri Mar 15 00:12:49 PDT 2024; root:xnu-10063.101.17~1/RELEASE_ARM64_T6020 x86_64
OS uptime: 18 days 2:40 hours
rlimit (soft/hard): STACK 8176k/65520k , CORE 0k/infinity , NPROC 2666/4000 , NOFILE 12544/infinity , AS infinity/infinity , CPU infinity/infinity , DATA infinity/infinity , FSIZE infinity/infinity , MEMLOCK infinity/infinity , RSS infinity/infinity
load average: 3.02 3.16 3.19

CPU: (EMULATED) total 12 (initial active 12) (1 cores per cpu, 1 threads per core) family 6 model 44 stepping 0 microcode 0x0, cx8, cmov, fxsr, mmx, sse, sse2, sse3, ssse3, sse4.1, sse4.2, popcnt, tsc, tscinvbit, aes, clmul, clflush
machdep.cpu.brand_string:Apple M2 Pro
hw.cpufrequency:2400000000
hw.cpufrequency_min:2400000000
hw.cpufrequency_max:2400000000
hw.cachelinesize:64
hw.l1icachesize:131072
hw.l1dcachesize:65536
hw.l2cachesize:4194304

Memory: 4k page, physical 16777216k(26620k free), swap 7340032k(1311296k free)

vm_info: OpenJDK 64-Bit Server VM (17.0.9+9) for bsd-amd64 JRE (17.0.9+9), built on Oct 18 2023 08:05:15 by "admin" with clang Apple LLVM 12.0.0 (clang-1200.0.32.29)

END.
